2024-11-08 16:12:15,700 : INFO : root : Loading config.
2024-11-08 16:12:15,738 : INFO : ConfigProcessor : Config spec file cache created: /tmp/config_spec.mpf_cache
2024-11-08 16:12:15,738 : INFO : YamlMultifileConfigLoader : Machine config file #1: config.yaml
2024-11-08 16:12:15,738 : INFO : ConfigProcessor : Loading config from file /usr/local/lib/python3.10/site-packages/mpf/mpfconfig.yaml.
2024-11-08 16:12:15,747 : INFO : ConfigProcessor : Loading config: /usr/local/lib/python3.10/site-packages/mpf/mpfconfig.yaml
2024-11-08 16:12:15,747 : INFO : ConfigProcessor : Loading config from file /mpf/config/config.yaml.
2024-11-08 16:12:15,752 : INFO : ConfigProcessor : Config file cache created: /tmp/8277ba0a89d3947d45888792b99f77df.mpf_cache
2024-11-08 16:12:15,804 : INFO : ConfigProcessor : Loading config from file /usr/local/lib/python3.10/site-packages/mpf/modes/attract/config/attract.yaml.
2024-11-08 16:12:15,805 : INFO : ConfigProcessor : Loading config: /usr/local/lib/python3.10/site-packages/mpf/modes/attract/config/attract.yaml
2024-11-08 16:12:15,805 : INFO : ConfigProcessor : Config file cache created: /tmp/743a3f3f7382b6c96be718b356800cd6.mpf_cache
2024-11-08 16:12:15,806 : INFO : ConfigProcessor : Loading config from file /usr/local/lib/python3.10/site-packages/mpf/modes/game/config/game.yaml.
2024-11-08 16:12:15,807 : INFO : ConfigProcessor : Loading config: /usr/local/lib/python3.10/site-packages/mpf/modes/game/config/game.yaml
2024-11-08 16:12:15,807 : INFO : ConfigProcessor : Config file cache created: /tmp/3c863f54ae09719ee7fb37a66497cafd.mpf_cache
2024-11-08 16:12:15,808 : INFO : Machine : Mission Pinball Framework Core Engine v0.80.0.dev5
2024-11-08 16:12:15,808 : INFO : Machine : Command line arguments: {'no_load_cache': False, 'create_config_cache': True, 'bcp': False, 'configfile': ['config.yaml'], 'force_assets_load': False, 'platform_integration_test': False, 'jsonlogging': False, 'logfile': 'logs/2024-11-08-16-12-15-mpf-45c19d8ede86.log', 'pause': False, 'production': False, 'text_ui': True, 'loglevel': 15, 'consoleloglevel': 20, 'force_platform': None, 'syslog_address': None, 'full_logfile_path': '/mpf/logs/2024-11-08-16-12-15-mpf-45c19d8ede86.log'}
2024-11-08 16:12:15,808 : INFO : Machine : MPF path: /usr/local/lib/python3.10/site-packages/mpf
2024-11-08 16:12:15,808 : INFO : Machine : Machine path: /mpf
2024-11-08 16:12:15,808 : INFO : Machine : Platform: linux
2024-11-08 16:12:15,808 : INFO : Machine : Python executable location: /usr/local/bin/python3.10
2024-11-08 16:12:15,808 : INFO : Machine : Python version: 3.10.15 (64-bit)
2024-11-08 16:12:15,809 : INFO : Machine : Initializing MPF...
2024-11-08 16:12:15,842 : INFO : EventManager : Event: ======'machine_var_credits_string'====== Args={'value': 'FREE PLAY', 'prev_value': None, 'change': True}
2024-11-08 16:12:15,850 : INFO : EventManager : Event: ======'machine_var_master_volume'====== Args={'value': 0.5, 'prev_value': None, 'change': True}
2024-11-08 16:12:15,850 : INFO : EventManager : Event: ======'machine_var_mpf_version'====== Args={'value': 'Mission Pinball Framework v0.80.0.dev5', 'prev_value': None, 'change': True}
2024-11-08 16:12:15,850 : INFO : EventManager : Event: ======'machine_var_mpf_extended_version'====== Args={'value': 'Mission Pinball Framework v0.80.0.dev5, Config version:6, Show version: 6, BCP version:1.1', 'prev_value': None, 'change': True}
2024-11-08 16:12:15,850 : INFO : EventManager : Event: ======'machine_var_python_version'====== Args={'value': '3.10.15', 'prev_value': None, 'change': True}
2024-11-08 16:12:15,852 : INFO : EventManager : Event: ======'machine_var_platform'====== Args={'value': 'Linux-5.15.153.1-microsoft-standard-WSL2-x86_64-with-glibc2.36', 'prev_value': None, 'change': True}
2024-11-08 16:12:15,852 : INFO : EventManager : Event: ======'machine_var_platform_system'====== Args={'value': 'Linux', 'prev_value': None, 'change': True}
2024-11-08 16:12:15,852 : INFO : EventManager : Event: ======'machine_var_platform_release'====== Args={'value': '5.15.153.1-microsoft-standard-WSL2', 'prev_value': None, 'change': True}
2024-11-08 16:12:15,852 : INFO : EventManager : Event: ======'machine_var_platform_version'====== Args={'value': '#1 SMP Fri Mar 29 23:14:13 UTC 2024', 'prev_value': None, 'change': True}
2024-11-08 16:12:15,852 : INFO : EventManager : Event: ======'machine_var_platform_machine'====== Args={'value': 'x86_64', 'prev_value': None, 'change': True}
2024-11-08 16:12:15,852 : INFO : EventManager : Event: ======'machine_var_log_file_path'====== Args={'value': '/mpf/logs/2024-11-08-16-12-15-mpf-45c19d8ede86.log', 'prev_value': None, 'change': True}
2024-11-08 16:12:15,852 : INFO : EventManager : Event: ======'init_phase_1'====== Args={}
2024-11-08 16:12:15,856 : INFO : EventManager : Event: ======'init_phase_2'====== Args={}
2024-11-08 16:12:15,859 : INFO : EventManager : Event: ======'init_phase_3'====== Args={}
2024-11-08 16:12:15,861 : INFO : EventManager : Event: ======'init_phase_4'====== Args={}
2024-11-08 16:12:15,861 : INFO : EventManager : Event: ======'machine_var_audits_events_game_started'====== Args={'value': 0, 'prev_value': None, 'change': True}
2024-11-08 16:12:15,861 : INFO : EventManager : Event: ======'machine_var_audits_events_game_ended'====== Args={'value': 0, 'prev_value': None, 'change': True}
2024-11-08 16:12:15,861 : INFO : EventManager : Event: ======'machine_var_audits_player_score'====== Args={'value': {'top': [], 'average': 0, 'total': 0}, 'prev_value': None, 'change': True}
2024-11-08 16:12:15,862 : INFO : EventManager : Event: ======'init_phase_5'====== Args={}
2024-11-08 16:12:15,862 : INFO : EventManager : Event: ======'init_done'====== Args={}
2024-11-08 16:12:15,862 : INFO : EventManager : Event: ======'machine_reset_phase_1'====== Args={}
2024-11-08 16:12:15,862 : INFO : EventManager : Event: ======'machine_reset_phase_2'====== Args={}
2024-11-08 16:12:15,862 : INFO : EventManager : Event: ======'machine_reset_phase_3'====== Args={}
2024-11-08 16:12:15,862 : INFO : EventManager : Event: ======'reset_complete'====== Args={}
2024-11-08 16:12:15,862 : INFO : EventManager : Event: ======'mode_attract_will_start'====== Args={}
2024-11-08 16:12:15,863 : INFO : EventManager : Event: ======'mode_attract_starting'====== Args={}
2024-11-08 16:12:15,863 : INFO : Mode.attract : Started. Priority: 10
2024-11-08 16:12:15,863 : INFO : EventManager : Event: ======'modes_active_modes_changed'====== Args={}
2024-11-08 16:12:15,863 : INFO : EventManager : Event: ======'mode_attract_started'====== Args={}
2024-11-08 16:12:15,863 : INFO : EventManager : Event: ======'collecting_balls_complete'====== Args={}
2024-11-08 16:12:15,863 : INFO : Machine : Starting the main run loop with active modes: [<Mode.attract>]
2024-11-08 16:13:43,418 : INFO : Machine : Shutting down...
2024-11-08 16:13:43,418 : INFO : EventManager : Event: ======'shutdown'====== Args={}
2024-11-08 16:13:43,420 : INFO : root : MPF run loop ended.
