2024-11-10 12:43:04,534 : INFO : root : Loading config.
2024-11-10 12:43:04,535 : DEBUG : YAML File Interface : Loading file: C:\Users\eliri\anaconda3\Lib\site-packages\mpf\config_spec.yaml
2024-11-10 12:43:04,564 : INFO : ConfigProcessor : Config spec file cache created: C:\Users\eliri\AppData\Local\Temp\config_spec.mpf_cache
2024-11-10 12:43:04,564 : INFO : YamlMultifileConfigLoader : Machine config file #1: config.yaml
2024-11-10 12:43:04,564 : DEBUG : ConfigProcessor : Cache file not found: C:\Users\eliri\AppData\Local\Temp\832545c8267d39f841337814b695fcbf.mpf_cache
2024-11-10 12:43:04,564 : INFO : ConfigProcessor : Loading config from file C:\Users\eliri\anaconda3\Lib\site-packages\mpf\mpfconfig.yaml.
2024-11-10 12:43:04,564 : DEBUG : YAML File Interface : Loading file: C:\Users\eliri\anaconda3\Lib\site-packages\mpf\mpfconfig.yaml
2024-11-10 12:43:04,571 : INFO : ConfigProcessor : Loading config: C:\Users\eliri\anaconda3\Lib\site-packages\mpf\mpfconfig.yaml
2024-11-10 12:43:04,571 : INFO : ConfigProcessor : Loading config from file C:\git\pinball-at-nx\source\mpf-conda\config\config.yaml.
2024-11-10 12:43:04,571 : DEBUG : YAML File Interface : Loading file: C:\git\pinball-at-nx\source\mpf-conda\config\config.yaml
2024-11-10 12:43:04,582 : INFO : ConfigProcessor : Config file cache created: C:\Users\eliri\AppData\Local\Temp\832545c8267d39f841337814b695fcbf.mpf_cache
2024-11-10 12:43:04,665 : DEBUG : YamlMultifileConfigLoader : Loading mode attract from C:\Users\eliri\anaconda3\Lib\site-packages\mpf\modes\attract\config\attract.yaml
2024-11-10 12:43:04,665 : DEBUG : ConfigProcessor : Cache file not found: C:\Users\eliri\AppData\Local\Temp\752f721450cdb51a7adcb1ccc9eded7a.mpf_cache
2024-11-10 12:43:04,665 : INFO : ConfigProcessor : Loading config from file C:\Users\eliri\anaconda3\Lib\site-packages\mpf\modes\attract\config\attract.yaml.
2024-11-10 12:43:04,665 : DEBUG : YAML File Interface : Loading file: C:\Users\eliri\anaconda3\Lib\site-packages\mpf\modes\attract\config\attract.yaml
2024-11-10 12:43:04,666 : INFO : ConfigProcessor : Loading config: C:\Users\eliri\anaconda3\Lib\site-packages\mpf\modes\attract\config\attract.yaml
2024-11-10 12:43:04,666 : INFO : ConfigProcessor : Config file cache created: C:\Users\eliri\AppData\Local\Temp\752f721450cdb51a7adcb1ccc9eded7a.mpf_cache
2024-11-10 12:43:04,666 : DEBUG : YamlMultifileConfigLoader : Loading mode game from C:\Users\eliri\anaconda3\Lib\site-packages\mpf\modes\game\config\game.yaml
2024-11-10 12:43:04,667 : DEBUG : ConfigProcessor : Cache file not found: C:\Users\eliri\AppData\Local\Temp\d7fa13d75974d3198a20ad67f567c1d5.mpf_cache
2024-11-10 12:43:04,667 : INFO : ConfigProcessor : Loading config from file C:\Users\eliri\anaconda3\Lib\site-packages\mpf\modes\game\config\game.yaml.
2024-11-10 12:43:04,667 : DEBUG : YAML File Interface : Loading file: C:\Users\eliri\anaconda3\Lib\site-packages\mpf\modes\game\config\game.yaml
2024-11-10 12:43:04,667 : INFO : ConfigProcessor : Loading config: C:\Users\eliri\anaconda3\Lib\site-packages\mpf\modes\game\config\game.yaml
2024-11-10 12:43:04,668 : INFO : ConfigProcessor : Config file cache created: C:\Users\eliri\AppData\Local\Temp\d7fa13d75974d3198a20ad67f567c1d5.mpf_cache
2024-11-10 12:43:04,668 : INFO : Machine : Mission Pinball Framework Core Engine v0.80.0.dev5
2024-11-10 12:43:04,668 : INFO : Machine : Command line arguments: {'no_load_cache': False, 'create_config_cache': True, 'bcp': True, 'configfile': ['config.yaml'], 'force_assets_load': False, 'platform_integration_test': False, 'jsonlogging': False, 'logfile': 'logs\\2024-11-10-12-43-04-mpf-YogEr.log', 'pause': False, 'production': False, 'text_ui': True, 'loglevel': 10, 'consoleloglevel': 20, 'force_platform': None, 'syslog_address': None, 'full_logfile_path': 'C:\\git\\pinball-at-nx\\source\\mpf-conda\\logs\\2024-11-10-12-43-04-mpf-YogEr.log'}
2024-11-10 12:43:04,668 : INFO : Machine : MPF path: C:\Users\eliri\anaconda3\Lib\site-packages\mpf
2024-11-10 12:43:04,668 : INFO : Machine : Machine path: C:\git\pinball-at-nx\source\mpf-conda
2024-11-10 12:43:04,668 : INFO : Machine : Platform: win32
2024-11-10 12:43:04,668 : INFO : Machine : Python executable location: C:\Users\eliri\anaconda3\python.exe
2024-11-10 12:43:04,668 : INFO : Machine : Python version: 3.12.7 (64-bit)
2024-11-10 12:43:04,669 : DEBUG : asyncio : Using proactor: IocpProactor
2024-11-10 12:43:04,670 : INFO : Machine : Initializing MPF...
2024-11-10 12:43:04,743 : DEBUG : asciimatics.widgets.layout : Updating: None
2024-11-10 12:43:04,743 : DEBUG : asciimatics.widgets.layout : Updating: None
2024-11-10 12:43:04,743 : DEBUG : asciimatics.widgets.layout : Updating: None
2024-11-10 12:43:04,743 : DEBUG : asciimatics.widgets.layout : Updating: None
2024-11-10 12:43:04,743 : DEBUG : asciimatics.widgets.layout : Updating: None
2024-11-10 12:43:04,743 : DEBUG : asciimatics.widgets.layout : Updating: None
2024-11-10 12:43:04,743 : DEBUG : asciimatics.widgets.layout : Updating: None
2024-11-10 12:43:04,743 : DEBUG : asciimatics.widgets.layout : Updating: None
2024-11-10 12:43:04,743 : DEBUG : asciimatics.widgets.layout : Updating: None
2024-11-10 12:43:04,743 : DEBUG : asciimatics.widgets.layout : Updating: None
2024-11-10 12:43:04,743 : DEBUG : asciimatics.widgets.layout : Updating: None
2024-11-10 12:43:04,743 : DEBUG : asciimatics.widgets.layout : Updating: None
2024-11-10 12:43:04,743 : DEBUG : asciimatics.widgets.widget : Widget blur: <asciimatics.widgets.label.Label object at 0x00000205043E8D40>
2024-11-10 12:43:04,743 : DEBUG : asciimatics.widgets.widget : Widget blur: <asciimatics.widgets.label.Label object at 0x000002050454AE90>
2024-11-10 12:43:04,743 : DEBUG : asciimatics.widgets.widget : Widget blur: <asciimatics.widgets.label.Label object at 0x000002050454B030>
2024-11-10 12:43:04,743 : DEBUG : asciimatics.widgets.layout : Blur: <asciimatics.widgets.layout.Layout object at 0x0000020504581060>
2024-11-10 12:43:04,743 : DEBUG : asciimatics.widgets.layout : Blur: <mpf.core.text_ui.MpfLayout object at 0x00000205043A62E0>
2024-11-10 12:43:04,743 : DEBUG : asciimatics.widgets.layout : Updating: None
2024-11-10 12:43:04,743 : DEBUG : asciimatics.widgets.layout : Updating: None
2024-11-10 12:43:04,744 : DEBUG : asciimatics.widgets.layout : Updating: None
2024-11-10 12:43:04,744 : DEBUG : asciimatics.widgets.layout : Updating: None
2024-11-10 12:43:04,744 : DEBUG : asciimatics.widgets.layout : Updating: None
2024-11-10 12:43:04,744 : DEBUG : asciimatics.widgets.layout : Updating: None
2024-11-10 12:43:04,744 : DEBUG : asciimatics.widgets.widget : Widget blur: <asciimatics.widgets.label.Label object at 0x000002050454B440>
2024-11-10 12:43:04,744 : DEBUG : asciimatics.widgets.widget : Widget blur: <asciimatics.widgets.label.Label object at 0x000002050454B370>
2024-11-10 12:43:04,744 : DEBUG : asciimatics.widgets.widget : Widget blur: <asciimatics.widgets.label.Label object at 0x000002050454B510>
2024-11-10 12:43:04,744 : DEBUG : asciimatics.widgets.widget : Widget blur: <asciimatics.widgets.label.Label object at 0x000002050454B2A0>
2024-11-10 12:43:04,744 : DEBUG : asciimatics.widgets.widget : Widget blur: <asciimatics.widgets.label.Label object at 0x000002050454B1D0>
2024-11-10 12:43:04,744 : DEBUG : asciimatics.widgets.widget : Widget blur: <asciimatics.widgets.label.Label object at 0x000002050454B100>
2024-11-10 12:43:04,744 : DEBUG : asciimatics.widgets.layout : Blur: <asciimatics.widgets.layout.Layout object at 0x00000205045810C0>
2024-11-10 12:43:04,744 : DEBUG : asciimatics.widgets.layout : Focus: <asciimatics.widgets.layout.Layout object at 0x0000020504581060>
2024-11-10 12:43:04,744 : DEBUG : asciimatics.widgets.layout : Focus: <mpf.core.text_ui.MpfLayout object at 0x00000205043A62E0>
2024-11-10 12:43:04,744 : DEBUG : asciimatics.widgets.layout : Focus: <asciimatics.widgets.layout.Layout object at 0x00000205045810C0>
2024-11-10 12:43:04,744 : DEBUG : asciimatics.widgets.frame : Cloning: Test
2024-11-10 12:43:04,744 : DEBUG : asciimatics.widgets.layout : Updating: None
2024-11-10 12:43:04,744 : DEBUG : asciimatics.widgets.layout : Updating: None
2024-11-10 12:43:04,744 : DEBUG : asciimatics.widgets.layout : Updating: None
2024-11-10 12:43:04,744 : DEBUG : asciimatics.widgets.layout : Updating: None
2024-11-10 12:43:04,744 : DEBUG : asciimatics.widgets.layout : Updating: None
2024-11-10 12:43:04,744 : DEBUG : asciimatics.widgets.layout : Updating: None
2024-11-10 12:43:04,744 : DEBUG : asciimatics.widgets.layout : Updating: None
2024-11-10 12:43:04,744 : DEBUG : asciimatics.widgets.layout : Updating: None
2024-11-10 12:43:04,744 : DEBUG : asciimatics.widgets.layout : Updating: None
2024-11-10 12:43:04,744 : DEBUG : asciimatics.widgets.layout : Updating: None
2024-11-10 12:43:04,744 : DEBUG : asciimatics.widgets.layout : Updating: None
2024-11-10 12:43:04,744 : DEBUG : asciimatics.widgets.layout : Updating: None
2024-11-10 12:43:04,744 : DEBUG : asciimatics.widgets.layout : Updating: None
2024-11-10 12:43:04,744 : DEBUG : asciimatics.widgets.layout : Updating: None
2024-11-10 12:43:04,744 : DEBUG : asciimatics.widgets.layout : Updating: None
2024-11-10 12:43:04,744 : DEBUG : asciimatics.widgets.layout : Updating: None
2024-11-10 12:43:04,744 : DEBUG : asciimatics.widgets.layout : Updating: None
2024-11-10 12:43:04,744 : DEBUG : asciimatics.widgets.layout : Updating: None
2024-11-10 12:43:04,745 : DEBUG : asciimatics.screen : Processing key: d
2024-11-10 12:43:04,834 : INFO : EventManager : Event: ======'machine_var_credits_string'====== Args={'value': 'FREE PLAY', 'prev_value': None, 'change': True}
2024-11-10 12:43:04,853 : INFO : EventManager : Event: ======'machine_var_master_volume'====== Args={'value': 0.5, 'prev_value': None, 'change': True}
2024-11-10 12:43:04,853 : INFO : EventManager : Event: ======'machine_var_mpf_version'====== Args={'value': 'Mission Pinball Framework v0.80.0.dev5', 'prev_value': None, 'change': True}
2024-11-10 12:43:04,853 : INFO : EventManager : Event: ======'machine_var_mpf_extended_version'====== Args={'value': 'Mission Pinball Framework v0.80.0.dev5, Config version:6, Show version: 6, BCP version:1.1', 'prev_value': None, 'change': True}
2024-11-10 12:43:04,853 : INFO : EventManager : Event: ======'machine_var_python_version'====== Args={'value': '3.12.7', 'prev_value': None, 'change': True}
2024-11-10 12:43:04,952 : INFO : EventManager : Event: ======'machine_var_platform'====== Args={'value': 'Windows-11-10.0.22631-SP0', 'prev_value': None, 'change': True}
2024-11-10 12:43:04,952 : INFO : EventManager : Event: ======'machine_var_platform_system'====== Args={'value': 'Windows', 'prev_value': None, 'change': True}
2024-11-10 12:43:04,952 : INFO : EventManager : Event: ======'machine_var_platform_release'====== Args={'value': '11', 'prev_value': None, 'change': True}
2024-11-10 12:43:04,952 : INFO : EventManager : Event: ======'machine_var_platform_version'====== Args={'value': '10.0.22631', 'prev_value': None, 'change': True}
2024-11-10 12:43:04,952 : INFO : EventManager : Event: ======'machine_var_platform_machine'====== Args={'value': 'AMD64', 'prev_value': None, 'change': True}
2024-11-10 12:43:04,952 : INFO : EventManager : Event: ======'machine_var_log_file_path'====== Args={'value': 'C:\\git\\pinball-at-nx\\source\\mpf-conda\\logs\\2024-11-10-12-43-04-mpf-YogEr.log', 'prev_value': None, 'change': True}
2024-11-10 12:43:04,953 : INFO : EventManager : Event: ======'init_phase_1'====== Args={}
2024-11-10 12:43:04,958 : DEBUG : ModeController : Loaded mode attract
2024-11-10 12:43:04,961 : DEBUG : ModeController : Loaded mode game
2024-11-10 12:43:04,962 : INFO : EventManager : Event: ======'init_phase_2'====== Args={}
2024-11-10 12:43:04,963 : INFO : EventManager : Event: ======'bcp_connection_attempt'====== Args={'name': 'local_display', 'host': 'localhost', 'port': 5050}
2024-11-10 12:43:04,964 : DEBUG : asciimatics.widgets.layout : Updating: message
2024-11-10 12:43:04,964 : DEBUG : asciimatics.widgets.layout : Updating: message
2024-11-10 12:43:04,964 : DEBUG : asciimatics.widgets.widget : Widget blur: <asciimatics.widgets.textbox.TextBox object at 0x000002050457E560>
2024-11-10 12:43:04,964 : DEBUG : asciimatics.widgets.layout : Blur: <asciimatics.widgets.layout.Layout object at 0x00000205046BAE60>
2024-11-10 12:43:04,964 : DEBUG : asciimatics.widgets.layout : Blur: <asciimatics.widgets.layout.Layout object at 0x00000205046BAEC0>
2024-11-10 12:43:04,964 : DEBUG : asciimatics.widgets.layout : Focus: <asciimatics.widgets.layout.Layout object at 0x00000205046BAE60>
2024-11-10 12:43:04,964 : DEBUG : asciimatics.widgets.layout : Focus: <asciimatics.widgets.layout.Layout object at 0x00000205046BAEC0>
2024-11-10 12:43:04,964 : INFO : BCPClientSocket : Connecting BCP to 'local_display' at localhost:5050...
2024-11-10 12:43:09,223 : INFO : Machine : Starting the main run loop with active modes: []
2024-11-10 12:43:09,224 : WARNING : Machine : Attract mode is not active, game will not be playable. Please check your attract mode configuration.
2024-11-10 12:43:09,224 : INFO : Machine : Shutting down...
2024-11-10 12:43:09,224 : INFO : EventManager : Event: ======'shutdown'====== Args={}
2024-11-10 12:43:10,231 : INFO : root : MPF run loop ended.
