2024-11-10 20:01:24,962 : kivy : deps: Successfully imported "kivy_deps.gstreamer" 0.3.3
2024-11-10 20:01:24,962 : kivy : deps: Successfully imported "kivy_deps.angle" 0.3.3
2024-11-10 20:01:24,962 : kivy : deps: Successfully imported "kivy_deps.glew" 0.3.1
2024-11-10 20:01:24,962 : kivy : deps: Successfully imported "kivy_deps.sdl2" 0.6.0
2024-11-10 20:01:24,962 : kivy : Kivy: v2.2.1
2024-11-10 20:01:24,963 : kivy : Kivy: Installed at "C:\Users\eliri\anaconda3\envs\mpf\lib\site-packages\kivy\__init__.py"
2024-11-10 20:01:24,963 : kivy : Python: v3.9.20 (main, Oct  3 2024, 07:38:01) [MSC v.1929 64 bit (AMD64)]
2024-11-10 20:01:24,971 : kivy : Python: Interpreter at "C:\Users\eliri\anaconda3\envs\mpf\python.exe"
2024-11-10 20:01:25,006 : kivy : Factory: 190 symbols loaded
2024-11-10 20:01:25,131 : kivy : ImageLoaderFFPy: Using ffpyplayer 4.5.1
2024-11-10 20:01:25,131 : kivy : Image: Providers: img_tex, img_dds, img_sdl2, img_pil, img_ffpyplayer 
2024-11-10 20:01:25,508 : kivy : VideoGstplayer: Using Gstreamer 1.18.5.0
2024-11-10 20:01:25,508 : kivy : Video: Provider: gstplayer
2024-11-10 20:01:25,562 : root : Loading MPF-MC controller
2024-11-10 20:01:25,566 : YamlMultifileConfigLoader : Machine config file #1: config
2024-11-10 20:01:25,566 : ConfigProcessor : Config file in cache changed: C:\git\pinball-at-nx\source\mpf-conda\config\config
2024-11-10 20:01:25,566 : ConfigProcessor : Loading config from file C:\Users\eliri\anaconda3\envs\mpf\lib\site-packages\mpfmc\mcconfig.yaml.
2024-11-10 20:01:25,577 : ConfigProcessor : Loading config: C:\Users\eliri\anaconda3\envs\mpf\lib\site-packages\mpfmc\mcconfig.yaml
2024-11-10 20:01:25,580 : ConfigProcessor : Loading config from file C:\git\pinball-at-nx\source\mpf-conda\config\config.
2024-11-10 20:01:25,599 : ConfigProcessor : Loading config: C:\git\pinball-at-nx\source\mpf-conda\config\config
2024-11-10 20:01:25,602 : ConfigProcessor : Config file cache created: C:\Users\eliri\AppData\Local\Temp\844e115eea22e0c2b7d42104966a78fe.mpf_cache
2024-11-10 20:01:25,603 : ConfigProcessor : Loading config from cache: C:\Users\eliri\AppData\Local\Temp\e334d910a6ae63999f8db0d6c6cff7be.mpf_cache
2024-11-10 20:01:25,604 : ConfigProcessor : Loading config from cache: C:\Users\eliri\AppData\Local\Temp\9006ef327294bd5819a299efbca970ec.mpf_cache
2024-11-10 20:01:25,605 : mpfmc : Mission Pinball Framework Media Controller (MPF-MC) v0.57.1. Requires MPF v0.57.0 or newer.
2024-11-10 20:01:25,605 : mpfmc : Found MPF v0.57.3
2024-11-10 20:01:25,606 : mpfmc : Machine path: C:\git\pinball-at-nx\source\mpf-conda
2024-11-10 20:01:25,606 : mpfmc : Starting clock at 60.0Hz
2024-11-10 20:01:25,633 : kivy : Text: Provider: sdl2
2024-11-10 20:01:25,683 : kivy : Window: Provider: sdl2
2024-11-10 20:01:26,184 : kivy : GL: Using the "OpenGL" graphics system
2024-11-10 20:01:26,186 : kivy : GL: GLEW initialization succeeded
2024-11-10 20:01:26,187 : kivy : GL: Backend used <glew>
2024-11-10 20:01:26,187 : kivy : GL: OpenGL version <b'4.6.0 - Build 31.0.101.5522'>
2024-11-10 20:01:26,188 : kivy : GL: OpenGL vendor <b'Intel'>
2024-11-10 20:01:26,188 : kivy : GL: OpenGL renderer <b'Intel(R) Graphics'>
2024-11-10 20:01:26,188 : kivy : GL: OpenGL parsed version: 4, 6
2024-11-10 20:01:26,188 : kivy : GL: Shading version <b'4.60 - Build 31.0.101.5522'>
2024-11-10 20:01:26,188 : kivy : GL: Texture max size <16384>
2024-11-10 20:01:26,188 : kivy : GL: Texture max units <32>
2024-11-10 20:01:26,284 : kivy : Window: auto add sdl2 input provider
2024-11-10 20:01:26,352 : kivy : Window: virtual keyboard not allowed, single mode, not docked
2024-11-10 20:01:26,375 : SoundSystem : SoundSystem: Using default 'sound_system' settings
2024-11-10 20:01:27,026 : AudioInterface : Initialized
2024-11-10 20:01:27,027 : AudioInterface : Loaded SDL 2.26.4
2024-11-10 20:01:27,027 : AudioInterface : Loaded SDL_Mixer 2.6.3
2024-11-10 20:01:27,027 : AudioInterface : Loaded GStreamer 1.18.5.0
2024-11-10 20:01:27,028 : AudioInterface : Loaded GLib 2.62.6
2024-11-10 20:01:27,028 : AudioInterface : Settings requested - rate: 44100, channels: 1, buffer: 2048 samples
2024-11-10 20:01:27,028 : AudioInterface : Settings in use - rate: 44100, channels: 1, buffer: 2048 samples (4096 bytes @ 2 bytes per sample)
2024-11-10 20:01:27,028 : SoundSystem : No audio tracks are specified in your machine config file. a track named 'default' has been created.
2024-11-10 20:01:27,029 : SoundSystem : Setting master volume to 0.0
2024-11-10 20:01:27,029 : AudioInterface : Enabling audio playback
2024-11-10 20:01:27,035 : kivy : Base: Start application main loop
2024-11-10 20:01:27,036 : EventManager : Event: ======'display_window_initialized'====== Args={}
2024-11-10 20:01:27,079 : mpfmc : Display: Setting 'window' as default display
2024-11-10 20:01:27,085 : EventManager : Event: ======'displays_initialized'====== Args={}
2024-11-10 20:01:27,087 : EventManager : Event: ======'slide_window_blank_created'====== Args={}
2024-11-10 20:01:27,087 : EventManager : Event: ======'display_window_ready'====== Args={}
2024-11-10 20:01:27,099 : EventManager : Event: ======'init_phase_1'====== Args={}
2024-11-10 20:01:27,102 : EventManager : Event: ======'mc_ready'====== Args={}
2024-11-10 20:01:27,102 : EventManager : Event: ======'init_phase_2'====== Args={}
2024-11-10 20:01:27,103 : EventManager : Event: ======'init_phase_3'====== Args={}
2024-11-10 20:01:27,104 : EventManager : Event: ======'init_phase_4'====== Args={}
2024-11-10 20:01:27,104 : EventManager : Event: ======'init_phase_5'====== Args={}
2024-11-10 20:01:27,105 : EventManager : Event: ======'init_done'====== Args={}
2024-11-10 20:01:27,105 : MPF-MC BCP Server : Starting up on localhost port 5050
2024-11-10 20:01:27,108 : MPF-MC BCP Server : Waiting for a connection...
2024-11-10 20:01:27,114 : kivy : GL: NPOT texture support is available
2024-11-10 20:01:27,117 : EventManager : Event: ======'slide_welcome_slide_created'====== Args={}
2024-11-10 20:01:27,120 : EventManager : Event: ======'slide_welcome_slide_active'====== Args={}
2024-11-10 20:01:27,125 : EventManager : Event: ======'client_disconnected'====== Args={'host': '127.0.0.1', 'port': 5050}
2024-11-10 20:02:22,283 : MPF-MC BCP Server : Received connection from: 127.0.0.1:55578
2024-11-10 20:02:22,294 : EventManager : Event: ======'client_connected'====== Args={'host': '127.0.0.1', 'port': 55578}
2024-11-10 20:02:22,321 : EventManager : Event: ======'machine_var_credits_string'====== Args={'value': 'FREE PLAY', 'prev_value': None, 'change': True}
2024-11-10 20:02:22,325 : EventManager : Event: ======'machine_var_master_volume'====== Args={'value': 0.5, 'prev_value': None, 'change': True}
2024-11-10 20:02:22,326 : EventManager : Event: ======'machine_var_mpf_version'====== Args={'value': 'Mission Pinball Framework v0.57.3', 'prev_value': None, 'change': True}
2024-11-10 20:02:22,326 : EventManager : Event: ======'machine_var_mpf_extended_version'====== Args={'value': 'Mission Pinball Framework v0.57.3, Config version:6, Show version: 6, BCP version:1.1', 'prev_value': None, 'change': True}
2024-11-10 20:02:22,326 : EventManager : Event: ======'machine_var_python_version'====== Args={'value': '3.9.20', 'prev_value': None, 'change': True}
2024-11-10 20:02:22,327 : EventManager : Event: ======'machine_var_platform'====== Args={'value': 'Windows-10-10.0.22631-SP0', 'prev_value': None, 'change': True}
2024-11-10 20:02:22,327 : EventManager : Event: ======'machine_var_platform_system'====== Args={'value': 'Windows', 'prev_value': None, 'change': True}
2024-11-10 20:02:22,327 : EventManager : Event: ======'machine_var_platform_release'====== Args={'value': '10', 'prev_value': None, 'change': True}
2024-11-10 20:02:22,327 : EventManager : Event: ======'machine_var_platform_version'====== Args={'value': '10.0.22631', 'prev_value': None, 'change': True}
2024-11-10 20:02:22,327 : EventManager : Event: ======'machine_var_platform_machine'====== Args={'value': 'AMD64', 'prev_value': None, 'change': True}
2024-11-10 20:02:22,328 : EventManager : Event: ======'machine_var_mc_version'====== Args={'value': 'MPF-MC v0.57.1', 'prev_value': None, 'change': True}
2024-11-10 20:02:22,328 : EventManager : Event: ======'machine_var_mc_extended_version'====== Args={'value': 'MPF-MC v0.57.1 (config_version=6, BCP v1.1,                      Requires MPF API compatibility v0.57.0 or newer)', 'prev_value': None, 'change': True}
2024-11-10 20:02:22,329 : EventManager : Event: ======'machine_var_credits_string'====== Args={'value': 'FREE PLAY', 'prev_value': None, 'change': True}
2024-11-10 20:02:22,329 : EventManager : Event: ======'machine_var_master_volume'====== Args={'value': 0.5, 'prev_value': None, 'change': True}
2024-11-10 20:02:22,329 : EventManager : Event: ======'machine_var_mpf_version'====== Args={'value': 'Mission Pinball Framework v0.57.3', 'prev_value': None, 'change': True}
2024-11-10 20:02:22,330 : EventManager : Event: ======'machine_var_mpf_extended_version'====== Args={'value': 'Mission Pinball Framework v0.57.3, Config version:6, Show version: 6, BCP version:1.1', 'prev_value': None, 'change': True}
2024-11-10 20:02:22,330 : EventManager : Event: ======'machine_var_python_version'====== Args={'value': '3.9.20', 'prev_value': None, 'change': True}
2024-11-10 20:02:22,330 : EventManager : Event: ======'machine_var_platform'====== Args={'value': 'Windows-10-10.0.22631-SP0', 'prev_value': None, 'change': True}
2024-11-10 20:02:22,331 : EventManager : Event: ======'machine_var_platform_system'====== Args={'value': 'Windows', 'prev_value': None, 'change': True}
2024-11-10 20:02:22,331 : EventManager : Event: ======'machine_var_platform_release'====== Args={'value': '10', 'prev_value': None, 'change': True}
2024-11-10 20:02:22,331 : EventManager : Event: ======'machine_var_platform_version'====== Args={'value': '10.0.22631', 'prev_value': None, 'change': True}
2024-11-10 20:02:22,331 : EventManager : Event: ======'machine_var_platform_machine'====== Args={'value': 'AMD64', 'prev_value': None, 'change': True}
2024-11-10 20:02:22,331 : EventManager : Event: ======'machine_var_mc_version'====== Args={'value': 'MPF-MC v0.57.1', 'prev_value': None, 'change': True}
2024-11-10 20:02:22,332 : EventManager : Event: ======'machine_var_mc_extended_version'====== Args={'value': 'MPF-MC v0.57.1 (config_version=6, BCP v1.1,                      Requires MPF API compatibility v0.57.0 or newer)', 'prev_value': None, 'change': True}
2024-11-10 20:02:22,332 : EventManager : Event: ======'machine_var_credits_string'====== Args={'value': 'FREE PLAY', 'prev_value': None, 'change': True}
2024-11-10 20:02:22,332 : EventManager : Event: ======'machine_var_master_volume'====== Args={'value': 0.5, 'prev_value': None, 'change': True}
2024-11-10 20:02:22,332 : EventManager : Event: ======'machine_var_mpf_version'====== Args={'value': 'Mission Pinball Framework v0.57.3', 'prev_value': None, 'change': True}
2024-11-10 20:02:22,333 : EventManager : Event: ======'machine_var_mpf_extended_version'====== Args={'value': 'Mission Pinball Framework v0.57.3, Config version:6, Show version: 6, BCP version:1.1', 'prev_value': None, 'change': True}
2024-11-10 20:02:22,333 : EventManager : Event: ======'machine_var_python_version'====== Args={'value': '3.9.20', 'prev_value': None, 'change': True}
2024-11-10 20:02:22,333 : EventManager : Event: ======'machine_var_platform'====== Args={'value': 'Windows-10-10.0.22631-SP0', 'prev_value': None, 'change': True}
2024-11-10 20:02:22,333 : EventManager : Event: ======'machine_var_platform_system'====== Args={'value': 'Windows', 'prev_value': None, 'change': True}
2024-11-10 20:02:22,333 : EventManager : Event: ======'machine_var_platform_release'====== Args={'value': '10', 'prev_value': None, 'change': True}
2024-11-10 20:02:22,333 : EventManager : Event: ======'machine_var_platform_version'====== Args={'value': '10.0.22631', 'prev_value': None, 'change': True}
2024-11-10 20:02:22,334 : EventManager : Event: ======'machine_var_platform_machine'====== Args={'value': 'AMD64', 'prev_value': None, 'change': True}
2024-11-10 20:02:22,334 : EventManager : Event: ======'machine_var_mc_version'====== Args={'value': 'MPF-MC v0.57.1', 'prev_value': None, 'change': True}
2024-11-10 20:02:22,334 : EventManager : Event: ======'machine_var_mc_extended_version'====== Args={'value': 'MPF-MC v0.57.1 (config_version=6, BCP v1.1,                      Requires MPF API compatibility v0.57.0 or newer)', 'prev_value': None, 'change': True}
2024-11-10 20:02:22,334 : EventManager : Event: ======'machine_var_credits_string'====== Args={'value': 'FREE PLAY', 'prev_value': None, 'change': True}
2024-11-10 20:02:22,335 : EventManager : Event: ======'machine_var_master_volume'====== Args={'value': 0.5, 'prev_value': None, 'change': True}
2024-11-10 20:02:22,335 : EventManager : Event: ======'machine_var_mpf_version'====== Args={'value': 'Mission Pinball Framework v0.57.3', 'prev_value': None, 'change': True}
2024-11-10 20:02:22,335 : EventManager : Event: ======'machine_var_mpf_extended_version'====== Args={'value': 'Mission Pinball Framework v0.57.3, Config version:6, Show version: 6, BCP version:1.1', 'prev_value': None, 'change': True}
2024-11-10 20:02:22,335 : EventManager : Event: ======'machine_var_python_version'====== Args={'value': '3.9.20', 'prev_value': None, 'change': True}
2024-11-10 20:02:22,335 : EventManager : Event: ======'machine_var_platform'====== Args={'value': 'Windows-10-10.0.22631-SP0', 'prev_value': None, 'change': True}
2024-11-10 20:02:22,337 : EventManager : Event: ======'machine_var_platform_system'====== Args={'value': 'Windows', 'prev_value': None, 'change': True}
2024-11-10 20:02:22,338 : EventManager : Event: ======'machine_var_platform_release'====== Args={'value': '10', 'prev_value': None, 'change': True}
2024-11-10 20:02:22,338 : EventManager : Event: ======'machine_var_platform_version'====== Args={'value': '10.0.22631', 'prev_value': None, 'change': True}
2024-11-10 20:02:22,338 : EventManager : Event: ======'machine_var_platform_machine'====== Args={'value': 'AMD64', 'prev_value': None, 'change': True}
2024-11-10 20:02:22,338 : EventManager : Event: ======'machine_var_mc_version'====== Args={'value': 'MPF-MC v0.57.1', 'prev_value': None, 'change': True}
2024-11-10 20:02:22,338 : EventManager : Event: ======'machine_var_mc_extended_version'====== Args={'value': 'MPF-MC v0.57.1 (config_version=6, BCP v1.1,                      Requires MPF API compatibility v0.57.0 or newer)', 'prev_value': None, 'change': True}
2024-11-10 20:02:22,338 : EventManager : Event: ======'machine_var_audits_switches_s_left_flipper'====== Args={'value': 0, 'prev_value': None, 'change': True}
2024-11-10 20:02:22,338 : EventManager : Event: ======'machine_var_audits_switches_s_right_flipper'====== Args={'value': 0, 'prev_value': None, 'change': True}
2024-11-10 20:02:22,339 : EventManager : Event: ======'machine_var_audits_events_game_started'====== Args={'value': 0, 'prev_value': None, 'change': True}
2024-11-10 20:02:22,339 : EventManager : Event: ======'machine_var_audits_events_game_ended'====== Args={'value': 0, 'prev_value': None, 'change': True}
2024-11-10 20:02:22,339 : EventManager : Event: ======'machine_var_audits_player_score'====== Args={'value': {'top': [], 'average': 0, 'total': 0}, 'prev_value': None, 'change': True}
2024-11-10 20:02:22,339 : EventManager : Event: ======'slides_play'====== Args={'settings': {'welcome_slide': {'target': None, 'background_color': [0.0, 0.0, 0.0, 1.0], 'priority': None, 'show': True, 'force': False, 'expire': None, 'slide': None, 'tokens': {}, 'action': 'play'}}, 'context': '_global', 'calling_context': 'init_done', 'priority': 0}
2024-11-10 20:02:22,339 : EventManager : Event: ======'mc_reset_phase_1'====== Args={}
2024-11-10 20:02:22,339 : SoundSystem : Setting master volume to 0.5
2024-11-10 20:02:22,340 : SoundSystem : Setting master volume to 0.5
2024-11-10 20:02:22,340 : SoundSystem : Setting master volume to 0.5
2024-11-10 20:02:22,340 : SoundSystem : Setting master volume to 0.5
2024-11-10 20:02:22,340 : EventManager : Event: ======'slide_welcome_slide_removed'====== Args={}
2024-11-10 20:02:22,342 : EventManager : Event: ======'slide_welcome_slide_created'====== Args={}
2024-11-10 20:02:22,342 : EventManager : Event: ======'mc_reset_phase_2'====== Args={}
2024-11-10 20:02:22,345 : EventManager : Event: ======'mc_reset_phase_3'====== Args={}
2024-11-10 20:02:22,345 : EventManager : Event: ======'mc_reset_complete'====== Args={}
2024-11-10 20:02:22,345 : EventManager : Event: ======'slide_welcome_slide_active'====== Args={}
2024-11-10 20:02:22,361 : EventManager : Event: ======'slides_play'====== Args={'settings': {'attract_started': {'target': None, 'background_color': [0.0, 0.0, 0.0, 1.0], 'priority': None, 'show': True, 'force': False, 'expire': None, 'slide': None, 'tokens': {}, 'action': 'play'}}, 'context': '_global', 'calling_context': 'mode_attract_started', 'priority': 0}
2024-11-10 20:02:22,365 : EventManager : Event: ======'slide_attract_started_created'====== Args={}
2024-11-10 20:02:22,368 : EventManager : Event: ======'slide_attract_started_active'====== Args={}
2024-11-10 20:03:00,668 : mpfmc : Stopping...
2024-11-10 20:03:00,673 : EventManager : Event: ======'shutdown'====== Args={}
2024-11-10 20:03:00,693 : AudioInterface : Disabling audio playback
2024-11-10 20:03:00,841 : mpfmc : Loop rate 77.15 Hz
2024-11-10 20:03:00,842 : kivy : Base: Leaving application in progress...
2024-11-10 20:03:00,854 : mpfmc : Stopping...
2024-11-10 20:03:00,854 : EventManager : Event: ======'shutdown'====== Args={}
2024-11-10 20:03:00,855 : mpfmc : Loop rate 77.15 Hz
2024-11-10 20:03:00,855 : root : MC run loop ended.
2024-11-10 20:03:00,856 : root : Stopping child threads... (2 remaining)
2024-11-10 20:03:01,392 : MPF-MC BCP Server : Stopping BCP sending thread
2024-11-10 20:03:01,461 : root : All child threads stopped.
