2024-11-10 20:09:31,027 : INFO : root : Loading config.
2024-11-10 20:09:31,030 : INFO : YamlMultifileConfigLoader : Machine config file #1: config.yaml
2024-11-10 20:09:31,030 : WARNING : ConfigProcessor : Config file in cache changed: C:\git\pinball-at-nx\source\mpf-conda\config\config.yaml
2024-11-10 20:09:31,030 : INFO : ConfigProcessor : Loading config from file C:\Users\eliri\anaconda3\envs\mpf\lib\site-packages\mpf\mpfconfig.yaml.
2024-11-10 20:09:31,038 : INFO : ConfigProcessor : Loading config: C:\Users\eliri\anaconda3\envs\mpf\lib\site-packages\mpf\mpfconfig.yaml
2024-11-10 20:09:31,038 : INFO : ConfigProcessor : Loading config from file C:\git\pinball-at-nx\source\mpf-conda\config\config.yaml.
2024-11-10 20:09:31,048 : INFO : ConfigProcessor : Loading config: C:\git\pinball-at-nx\source\mpf-conda\config\config.yaml
2024-11-10 20:09:31,048 : INFO : ConfigProcessor : Config file cache created: C:\Users\eliri\AppData\Local\Temp\2673716085b36760ced4adba2e2cdfc5.mpf_cache
2024-11-10 20:09:31,140 : INFO : ConfigProcessor : Loading config from cache: C:\Users\eliri\AppData\Local\Temp\e334d910a6ae63999f8db0d6c6cff7be.mpf_cache
2024-11-10 20:09:31,142 : INFO : ConfigProcessor : Loading config from cache: C:\Users\eliri\AppData\Local\Temp\9006ef327294bd5819a299efbca970ec.mpf_cache
2024-11-10 20:09:31,143 : INFO : Machine : Mission Pinball Framework Core Engine v0.57.3
2024-11-10 20:09:31,143 : INFO : Machine : Command line arguments: {'no_load_cache': False, 'create_config_cache': True, 'bcp': True, 'configfile': ['config.yaml'], 'force_assets_load': False, 'platform_integration_test': False, 'jsonlogging': False, 'logfile': 'logs\\2024-11-10-20-09-31-mpf-YogEr.log', 'pause': False, 'production': False, 'text_ui': True, 'loglevel': 15, 'consoleloglevel': 20, 'force_platform': None, 'syslog_address': None, 'mc_file_name': None, 'no_sound': False}
2024-11-10 20:09:31,143 : INFO : Machine : MPF path: C:\Users\eliri\anaconda3\envs\mpf\lib\site-packages\mpf
2024-11-10 20:09:31,143 : INFO : Machine : Machine path: C:\git\pinball-at-nx\source\mpf-conda
2024-11-10 20:09:31,143 : INFO : Machine : Platform: win32
2024-11-10 20:09:31,143 : INFO : Machine : Python executable location: C:\Users\eliri\anaconda3\envs\mpf\python.exe
2024-11-10 20:09:31,143 : INFO : Machine : Python version: 3.9.20 (64-bit)
2024-11-10 20:09:31,144 : INFO : Machine : Initializing MPF...
2024-11-10 20:09:31,251 : INFO : EventManager : Event: ======'machine_var_credits_string'====== Args={'value': 'FREE PLAY', 'prev_value': None, 'change': True}
2024-11-10 20:09:31,292 : INFO : EventManager : Event: ======'machine_var_master_volume'====== Args={'value': 0.5, 'prev_value': None, 'change': True}
2024-11-10 20:09:31,292 : INFO : EventManager : Event: ======'machine_var_mpf_version'====== Args={'value': 'Mission Pinball Framework v0.57.3', 'prev_value': None, 'change': True}
2024-11-10 20:09:31,292 : INFO : EventManager : Event: ======'machine_var_mpf_extended_version'====== Args={'value': 'Mission Pinball Framework v0.57.3, Config version:6, Show version: 6, BCP version:1.1', 'prev_value': None, 'change': True}
2024-11-10 20:09:31,292 : INFO : EventManager : Event: ======'machine_var_python_version'====== Args={'value': '3.9.20', 'prev_value': None, 'change': True}
2024-11-10 20:09:31,300 : INFO : EventManager : Event: ======'machine_var_platform'====== Args={'value': 'Windows-10-10.0.22631-SP0', 'prev_value': None, 'change': True}
2024-11-10 20:09:31,300 : INFO : EventManager : Event: ======'machine_var_platform_system'====== Args={'value': 'Windows', 'prev_value': None, 'change': True}
2024-11-10 20:09:31,300 : INFO : EventManager : Event: ======'machine_var_platform_release'====== Args={'value': '10', 'prev_value': None, 'change': True}
2024-11-10 20:09:31,300 : INFO : EventManager : Event: ======'machine_var_platform_version'====== Args={'value': '10.0.22631', 'prev_value': None, 'change': True}
2024-11-10 20:09:31,300 : INFO : EventManager : Event: ======'machine_var_platform_machine'====== Args={'value': 'AMD64', 'prev_value': None, 'change': True}
2024-11-10 20:09:31,300 : INFO : EventManager : Event: ======'init_phase_1'====== Args={}
2024-11-10 20:09:31,309 : INFO : EventManager : Event: ======'init_phase_2'====== Args={}
2024-11-10 20:09:31,310 : INFO : EventManager : Event: ======'bcp_connection_attempt'====== Args={'name': 'local_display', 'host': 'localhost', 'port': 5050}
2024-11-10 20:09:31,311 : INFO : BCPClientSocket : Connecting BCP to 'local_display' at localhost:5050...
2024-11-10 20:09:33,344 : INFO : BCPClientSocket : Connected BCP to 'local_display' localhost:5050
2024-11-10 20:09:33,344 : INFO : EventManager : Event: ======'bcp_clients_connected'====== Args={}
2024-11-10 20:09:33,387 : INFO : ball_device.bd_trough : BCH: Initial count: 0
2024-11-10 20:09:33,387 : INFO : EventManager : Event: ======'machine_var_mc_version'====== Args={'value': 'MPF-MC v0.57.1', 'prev_value': None, 'change': True}
2024-11-10 20:09:33,387 : INFO : EventManager : Event: ======'machine_var_mc_extended_version'====== Args={'value': 'MPF-MC v0.57.1 (config_version=6, BCP v1.1,                      Requires MPF API compatibility v0.57.0 or newer)', 'prev_value': None, 'change': True}
2024-11-10 20:09:33,389 : INFO : ball_device.bd_trough : State: idle
2024-11-10 20:09:33,404 : INFO : ball_device.bd_plunger : BCH: Initial count: 0
2024-11-10 20:09:33,405 : INFO : ball_device.bd_plunger : State: idle
2024-11-10 20:09:33,414 : INFO : EventManager : Event: ======'init_phase_3'====== Args={}
2024-11-10 20:09:33,416 : INFO : EventManager : Event: ======'init_phase_4'====== Args={}
2024-11-10 20:09:33,416 : INFO : BallController : Initial balls found: 0
2024-11-10 20:09:33,416 : INFO : EventManager : Event: ======'machine_var_audits_switches_s_trough1'====== Args={'value': 0, 'prev_value': None, 'change': True}
2024-11-10 20:09:33,418 : INFO : EventManager : Event: ======'machine_var_audits_switches_s_trough3'====== Args={'value': 0, 'prev_value': None, 'change': True}
2024-11-10 20:09:33,418 : INFO : EventManager : Event: ======'machine_var_audits_switches_s_trough5'====== Args={'value': 0, 'prev_value': None, 'change': True}
2024-11-10 20:09:33,419 : INFO : EventManager : Event: ======'machine_var_audits_switches_s_plunger'====== Args={'value': 0, 'prev_value': None, 'change': True}
2024-11-10 20:09:33,419 : INFO : EventManager : Event: ======'machine_var_audits_switches_s_trough2'====== Args={'value': 0, 'prev_value': None, 'change': True}
2024-11-10 20:09:33,419 : INFO : EventManager : Event: ======'machine_var_audits_switches_s_trough6'====== Args={'value': 0, 'prev_value': None, 'change': True}
2024-11-10 20:09:33,419 : INFO : EventManager : Event: ======'machine_var_audits_switches_s_left_flipper'====== Args={'value': 0, 'prev_value': None, 'change': True}
2024-11-10 20:09:33,419 : INFO : EventManager : Event: ======'machine_var_audits_switches_s_trough4'====== Args={'value': 0, 'prev_value': None, 'change': True}
2024-11-10 20:09:33,419 : INFO : EventManager : Event: ======'machine_var_audits_switches_s_right_flipper'====== Args={'value': 0, 'prev_value': None, 'change': True}
2024-11-10 20:09:33,419 : INFO : EventManager : Event: ======'machine_var_audits_switches_s_trough_jam'====== Args={'value': 0, 'prev_value': None, 'change': True}
2024-11-10 20:09:33,419 : INFO : EventManager : Event: ======'machine_var_audits_events_game_started'====== Args={'value': 0, 'prev_value': None, 'change': True}
2024-11-10 20:09:33,419 : INFO : EventManager : Event: ======'machine_var_audits_events_game_ended'====== Args={'value': 0, 'prev_value': None, 'change': True}
2024-11-10 20:09:33,419 : INFO : EventManager : Event: ======'machine_var_audits_player_score'====== Args={'value': {'top': [], 'average': 0, 'total': 0}, 'prev_value': None, 'change': True}
2024-11-10 20:09:33,420 : INFO : EventManager : Event: ======'init_phase_5'====== Args={}
2024-11-10 20:09:33,424 : INFO : EventManager : Event: ======'init_done'====== Args={}
2024-11-10 20:09:33,424 : INFO : EventManager : Event: ======'machine_reset_phase_1'====== Args={}
2024-11-10 20:09:33,430 : INFO : EventManager : Event: ======'slide_welcome_slide_removed'====== Args={'_from_bcp': True}
2024-11-10 20:09:33,430 : INFO : EventManager : Event: ======'slide_welcome_slide_created'====== Args={'_from_bcp': True}
2024-11-10 20:09:33,432 : INFO : EventManager : Event: ======'machine_reset_phase_2'====== Args={}
2024-11-10 20:09:33,432 : INFO : EventManager : Event: ======'machine_reset_phase_3'====== Args={}
2024-11-10 20:09:33,432 : INFO : EventManager : Event: ======'reset_complete'====== Args={}
2024-11-10 20:09:33,432 : INFO : EventManager : Event: ======'mode_attract_will_start'====== Args={}
2024-11-10 20:09:33,432 : INFO : EventManager : Event: ======'mode_attract_starting'====== Args={}
2024-11-10 20:09:33,432 : INFO : Mode.attract : Started. Priority: 10
2024-11-10 20:09:33,432 : INFO : EventManager : Event: ======'modes_active_modes_changed'====== Args={}
2024-11-10 20:09:33,432 : INFO : EventManager : Event: ======'mode_attract_started'====== Args={}
2024-11-10 20:09:33,432 : INFO : EventManager : Event: ======'collecting_balls_complete'====== Args={}
2024-11-10 20:09:33,437 : INFO : EventManager : Event: ======'slide_welcome_slide_active'====== Args={'_from_bcp': True}
2024-11-10 20:09:33,437 : INFO : Machine : Starting the main run loop with active modes: [<Mode.attract>]
2024-11-10 20:09:33,444 : INFO : EventManager : Event: ======'slide_attract_started_created'====== Args={'_from_bcp': True}
2024-11-10 20:09:33,444 : INFO : EventManager : Event: ======'slide_attract_started_active'====== Args={'_from_bcp': True}
2024-11-10 20:09:35,306 : INFO : SwitchController : <<<<<<< 's_left_flipper' active >>>>>>>
2024-11-10 20:09:35,417 : INFO : SwitchController : <<<<<<< 's_left_flipper' inactive >>>>>>>
2024-11-10 20:09:35,876 : INFO : SwitchController : <<<<<<< 's_right_flipper' active >>>>>>>
2024-11-10 20:09:36,076 : INFO : SwitchController : <<<<<<< 's_right_flipper' inactive >>>>>>>
2024-11-10 20:09:36,278 : INFO : SwitchController : <<<<<<< 's_left_flipper' active >>>>>>>
2024-11-10 20:09:36,462 : INFO : SwitchController : <<<<<<< 's_right_flipper' active >>>>>>>
2024-11-10 20:09:36,462 : INFO : EventManager : Event: ======'flipper_cancel'====== Args={'triggering_group': 2, 'triggering_switch': 's_right_flipper'}
2024-11-10 20:09:36,526 : INFO : SwitchController : <<<<<<< 's_left_flipper' inactive >>>>>>>
2024-11-10 20:09:36,526 : INFO : EventManager : Event: ======'both_flippers_one'====== Args={'triggering_group': 1, 'triggering_switch': 's_left_flipper'}
2024-11-10 20:09:36,590 : INFO : SwitchController : <<<<<<< 's_right_flipper' inactive >>>>>>>
2024-11-10 20:09:36,590 : INFO : EventManager : Event: ======'both_flippers_inactive'====== Args={'triggering_group': 2, 'triggering_switch': 's_right_flipper'}
2024-11-10 20:09:36,937 : INFO : SwitchController : <<<<<<< 's_left_flipper' active >>>>>>>
2024-11-10 20:09:37,020 : INFO : SwitchController : <<<<<<< 's_right_flipper' active >>>>>>>
2024-11-10 20:09:37,022 : INFO : EventManager : Event: ======'flipper_cancel'====== Args={'triggering_group': 2, 'triggering_switch': 's_right_flipper'}
2024-11-10 20:09:37,110 : INFO : SwitchController : <<<<<<< 's_left_flipper' inactive >>>>>>>
2024-11-10 20:09:37,110 : INFO : EventManager : Event: ======'both_flippers_one'====== Args={'triggering_group': 1, 'triggering_switch': 's_left_flipper'}
2024-11-10 20:09:37,209 : INFO : SwitchController : <<<<<<< 's_right_flipper' inactive >>>>>>>
2024-11-10 20:09:37,210 : INFO : EventManager : Event: ======'both_flippers_inactive'====== Args={'triggering_group': 2, 'triggering_switch': 's_right_flipper'}
2024-11-10 20:09:37,320 : INFO : SwitchController : <<<<<<< 's_left_flipper' active >>>>>>>
2024-11-10 20:09:37,530 : INFO : SwitchController : <<<<<<< 's_right_flipper' active >>>>>>>
2024-11-10 20:09:37,530 : INFO : EventManager : Event: ======'flipper_cancel'====== Args={'triggering_group': 2, 'triggering_switch': 's_right_flipper'}
2024-11-10 20:09:37,545 : INFO : SwitchController : <<<<<<< 's_left_flipper' inactive >>>>>>>
2024-11-10 20:09:37,546 : INFO : EventManager : Event: ======'both_flippers_one'====== Args={'triggering_group': 1, 'triggering_switch': 's_left_flipper'}
2024-11-10 20:09:37,654 : INFO : SwitchController : <<<<<<< 's_right_flipper' inactive >>>>>>>
2024-11-10 20:09:37,654 : INFO : EventManager : Event: ======'both_flippers_inactive'====== Args={'triggering_group': 2, 'triggering_switch': 's_right_flipper'}
2024-11-10 20:09:37,729 : INFO : SwitchController : <<<<<<< 's_left_flipper' active >>>>>>>
2024-11-10 20:09:37,792 : INFO : SwitchController : <<<<<<< 's_right_flipper' active >>>>>>>
2024-11-10 20:09:37,792 : INFO : EventManager : Event: ======'flipper_cancel'====== Args={'triggering_group': 2, 'triggering_switch': 's_right_flipper'}
2024-11-10 20:09:37,855 : INFO : SwitchController : <<<<<<< 's_left_flipper' inactive >>>>>>>
2024-11-10 20:09:37,856 : INFO : EventManager : Event: ======'both_flippers_one'====== Args={'triggering_group': 1, 'triggering_switch': 's_left_flipper'}
2024-11-10 20:09:37,917 : INFO : SwitchController : <<<<<<< 's_right_flipper' inactive >>>>>>>
2024-11-10 20:09:37,917 : INFO : EventManager : Event: ======'both_flippers_inactive'====== Args={'triggering_group': 2, 'triggering_switch': 's_right_flipper'}
2024-11-10 20:09:38,019 : INFO : SwitchController : <<<<<<< 's_left_flipper' active >>>>>>>
2024-11-10 20:09:38,058 : INFO : SwitchController : <<<<<<< 's_right_flipper' active >>>>>>>
2024-11-10 20:09:38,059 : INFO : EventManager : Event: ======'flipper_cancel'====== Args={'triggering_group': 2, 'triggering_switch': 's_right_flipper'}
2024-11-10 20:09:38,122 : INFO : SwitchController : <<<<<<< 's_left_flipper' inactive >>>>>>>
2024-11-10 20:09:38,122 : INFO : EventManager : Event: ======'both_flippers_one'====== Args={'triggering_group': 1, 'triggering_switch': 's_left_flipper'}
2024-11-10 20:09:38,196 : INFO : SwitchController : <<<<<<< 's_right_flipper' inactive >>>>>>>
2024-11-10 20:09:38,197 : INFO : EventManager : Event: ======'both_flippers_inactive'====== Args={'triggering_group': 2, 'triggering_switch': 's_right_flipper'}
2024-11-10 20:09:38,270 : INFO : SwitchController : <<<<<<< 's_left_flipper' active >>>>>>>
2024-11-10 20:09:38,385 : INFO : SwitchController : <<<<<<< 's_left_flipper' inactive >>>>>>>
2024-11-10 20:12:53,845 : INFO : Machine : Shutting down...
2024-11-10 20:12:53,846 : INFO : EventManager : Event: ======'shutdown'====== Args={}
2024-11-10 20:12:53,852 : INFO : root : MPF run loop ended.
