2024-11-10 19:58:15,203 : kivy : deps: Successfully imported "kivy_deps.gstreamer" 0.3.3
2024-11-10 19:58:15,204 : kivy : deps: Successfully imported "kivy_deps.angle" 0.3.3
2024-11-10 19:58:15,205 : kivy : deps: Successfully imported "kivy_deps.glew" 0.3.1
2024-11-10 19:58:15,205 : kivy : deps: Successfully imported "kivy_deps.sdl2" 0.6.0
2024-11-10 19:58:15,205 : kivy : Kivy: v2.2.1
2024-11-10 19:58:15,205 : kivy : Kivy: Installed at "C:\Users\eliri\anaconda3\envs\mpf\lib\site-packages\kivy\__init__.py"
2024-11-10 19:58:15,205 : kivy : Python: v3.9.20 (main, Oct  3 2024, 07:38:01) [MSC v.1929 64 bit (AMD64)]
2024-11-10 19:58:15,206 : kivy : Python: Interpreter at "C:\Users\eliri\anaconda3\envs\mpf\python.exe"
2024-11-10 19:58:15,226 : kivy : Factory: 190 symbols loaded
2024-11-10 19:58:15,328 : kivy : ImageLoaderFFPy: Using ffpyplayer 4.5.1
2024-11-10 19:58:15,328 : kivy : Image: Providers: img_tex, img_dds, img_sdl2, img_pil, img_ffpyplayer 
2024-11-10 19:58:15,754 : kivy : VideoGstplayer: Using Gstreamer 1.18.5.0
2024-11-10 19:58:15,758 : kivy : Video: Provider: gstplayer
2024-11-10 19:58:15,800 : root : Loading MPF-MC controller
2024-11-10 19:58:15,816 : YamlMultifileConfigLoader : Machine config file #1: config
2024-11-10 19:58:15,817 : ConfigProcessor : Config file in cache changed: C:\git\pinball-at-nx\source\mpf-conda\config\config
2024-11-10 19:58:15,817 : ConfigProcessor : Loading config from file C:\Users\eliri\anaconda3\envs\mpf\lib\site-packages\mpfmc\mcconfig.yaml.
2024-11-10 19:58:15,822 : ConfigProcessor : Loading config: C:\Users\eliri\anaconda3\envs\mpf\lib\site-packages\mpfmc\mcconfig.yaml
2024-11-10 19:58:15,822 : ConfigProcessor : Loading config from file C:\git\pinball-at-nx\source\mpf-conda\config\config.
2024-11-10 19:58:15,840 : ConfigProcessor : Loading config: C:\git\pinball-at-nx\source\mpf-conda\config\config
2024-11-10 19:58:15,842 : ConfigProcessor : Config file cache created: C:\Users\eliri\AppData\Local\Temp\844e115eea22e0c2b7d42104966a78fe.mpf_cache
2024-11-10 19:58:15,842 : ConfigProcessor : Loading config from cache: C:\Users\eliri\AppData\Local\Temp\e334d910a6ae63999f8db0d6c6cff7be.mpf_cache
2024-11-10 19:58:15,854 : ConfigProcessor : Loading config from cache: C:\Users\eliri\AppData\Local\Temp\9006ef327294bd5819a299efbca970ec.mpf_cache
2024-11-10 19:58:15,871 : mpfmc : Mission Pinball Framework Media Controller (MPF-MC) v0.57.1. Requires MPF v0.57.0 or newer.
2024-11-10 19:58:15,871 : mpfmc : Found MPF v0.57.3
2024-11-10 19:58:15,871 : mpfmc : Machine path: C:\git\pinball-at-nx\source\mpf-conda
2024-11-10 19:58:15,872 : mpfmc : Starting clock at 60.0Hz
2024-11-10 19:58:15,903 : kivy : Text: Provider: sdl2
2024-11-10 19:58:15,972 : kivy : Window: Provider: sdl2
2024-11-10 19:58:16,694 : kivy : GL: Using the "OpenGL" graphics system
2024-11-10 19:58:16,700 : kivy : GL: GLEW initialization succeeded
2024-11-10 19:58:16,701 : kivy : GL: Backend used <glew>
2024-11-10 19:58:16,701 : kivy : GL: OpenGL version <b'4.6.0 - Build 31.0.101.5522'>
2024-11-10 19:58:16,701 : kivy : GL: OpenGL vendor <b'Intel'>
2024-11-10 19:58:16,701 : kivy : GL: OpenGL renderer <b'Intel(R) Graphics'>
2024-11-10 19:58:16,702 : kivy : GL: OpenGL parsed version: 4, 6
2024-11-10 19:58:16,703 : kivy : GL: Shading version <b'4.60 - Build 31.0.101.5522'>
2024-11-10 19:58:16,703 : kivy : GL: Texture max size <16384>
2024-11-10 19:58:16,703 : kivy : GL: Texture max units <32>
2024-11-10 19:58:16,747 : kivy : Window: auto add sdl2 input provider
2024-11-10 19:58:16,747 : kivy : Window: virtual keyboard not allowed, single mode, not docked
2024-11-10 19:58:16,758 : SoundSystem : SoundSystem: Using default 'sound_system' settings
2024-11-10 19:58:17,124 : AudioInterface : Initialized
2024-11-10 19:58:17,124 : AudioInterface : Loaded SDL 2.26.4
2024-11-10 19:58:17,124 : AudioInterface : Loaded SDL_Mixer 2.6.3
2024-11-10 19:58:17,125 : AudioInterface : Loaded GStreamer 1.18.5.0
2024-11-10 19:58:17,125 : AudioInterface : Loaded GLib 2.62.6
2024-11-10 19:58:17,125 : AudioInterface : Settings requested - rate: 44100, channels: 1, buffer: 2048 samples
2024-11-10 19:58:17,125 : AudioInterface : Settings in use - rate: 44100, channels: 1, buffer: 2048 samples (4096 bytes @ 2 bytes per sample)
2024-11-10 19:58:17,125 : SoundSystem : No audio tracks are specified in your machine config file. a track named 'default' has been created.
2024-11-10 19:58:17,125 : SoundSystem : Setting master volume to 0.0
2024-11-10 19:58:17,126 : AudioInterface : Enabling audio playback
2024-11-10 19:58:17,128 : kivy : Base: Start application main loop
2024-11-10 19:58:17,129 : EventManager : Event: ======'display_window_initialized'====== Args={}
2024-11-10 19:58:17,182 : mpfmc : Display: Setting 'window' as default display
2024-11-10 19:58:17,191 : EventManager : Event: ======'displays_initialized'====== Args={}
2024-11-10 19:58:17,192 : EventManager : Event: ======'slide_window_blank_created'====== Args={}
2024-11-10 19:58:17,193 : EventManager : Event: ======'display_window_ready'====== Args={}
2024-11-10 19:58:17,202 : EventManager : Event: ======'init_phase_1'====== Args={}
2024-11-10 19:58:17,205 : EventManager : Event: ======'mc_ready'====== Args={}
2024-11-10 19:58:17,205 : EventManager : Event: ======'init_phase_2'====== Args={}
2024-11-10 19:58:17,205 : EventManager : Event: ======'init_phase_3'====== Args={}
2024-11-10 19:58:17,206 : EventManager : Event: ======'init_phase_4'====== Args={}
2024-11-10 19:58:17,206 : EventManager : Event: ======'init_phase_5'====== Args={}
2024-11-10 19:58:17,206 : EventManager : Event: ======'init_done'====== Args={}
2024-11-10 19:58:17,206 : MPF-MC BCP Server : Starting up on localhost port 5050
2024-11-10 19:58:17,210 : MPF-MC BCP Server : Waiting for a connection...
2024-11-10 19:58:17,232 : EventManager : Event: ======'client_disconnected'====== Args={'host': '127.0.0.1', 'port': 5050}
2024-11-10 19:58:19,751 : kivy : Base: Leaving application in progress...
2024-11-10 19:58:19,752 : mpfmc : Stopping...
2024-11-10 19:58:19,752 : EventManager : Event: ======'shutdown'====== Args={}
2024-11-10 19:58:19,753 : AudioInterface : Disabling audio playback
2024-11-10 19:58:19,872 : mpfmc : Loop rate 70.68 Hz
2024-11-10 19:58:19,873 : root : MC run loop ended.
2024-11-10 19:58:19,874 : root : Stopping child threads... (3 remaining)
2024-11-10 19:58:20,215 : MPF-MC BCP Server : Stopping BCP listener thread
2024-11-10 19:58:20,215 : MPF-MC BCP Server : Stopping BCP sending thread
2024-11-10 19:58:20,275 : root : All child threads stopped.
