2024-11-10 19:58:29,986 : kivy : deps: Successfully imported "kivy_deps.gstreamer" 0.3.3
2024-11-10 19:58:29,986 : kivy : deps: Successfully imported "kivy_deps.angle" 0.3.3
2024-11-10 19:58:29,987 : kivy : deps: Successfully imported "kivy_deps.glew" 0.3.1
2024-11-10 19:58:29,987 : kivy : deps: Successfully imported "kivy_deps.sdl2" 0.6.0
2024-11-10 19:58:29,987 : kivy : Kivy: v2.2.1
2024-11-10 19:58:29,987 : kivy : Kivy: Installed at "C:\Users\eliri\anaconda3\envs\mpf\lib\site-packages\kivy\__init__.py"
2024-11-10 19:58:29,987 : kivy : Python: v3.9.20 (main, Oct  3 2024, 07:38:01) [MSC v.1929 64 bit (AMD64)]
2024-11-10 19:58:29,989 : kivy : Python: Interpreter at "C:\Users\eliri\anaconda3\envs\mpf\python.exe"
2024-11-10 19:58:30,004 : kivy : Factory: 190 symbols loaded
2024-11-10 19:58:30,114 : kivy : ImageLoaderFFPy: Using ffpyplayer 4.5.1
2024-11-10 19:58:30,115 : kivy : Image: Providers: img_tex, img_dds, img_sdl2, img_pil, img_ffpyplayer 
2024-11-10 19:58:30,433 : kivy : VideoGstplayer: Using Gstreamer 1.18.5.0
2024-11-10 19:58:30,434 : kivy : Video: Provider: gstplayer
2024-11-10 19:58:30,472 : root : Loading MPF-MC controller
2024-11-10 19:58:30,477 : YamlMultifileConfigLoader : Machine config file #1: config
2024-11-10 19:58:30,478 : ConfigProcessor : Config file in cache changed: C:\git\pinball-at-nx\source\mpf-conda\config\config
2024-11-10 19:58:30,478 : ConfigProcessor : Loading config from file C:\Users\eliri\anaconda3\envs\mpf\lib\site-packages\mpfmc\mcconfig.yaml.
2024-11-10 19:58:30,484 : ConfigProcessor : Loading config: C:\Users\eliri\anaconda3\envs\mpf\lib\site-packages\mpfmc\mcconfig.yaml
2024-11-10 19:58:30,484 : ConfigProcessor : Loading config from file C:\git\pinball-at-nx\source\mpf-conda\config\config.
2024-11-10 19:58:30,496 : ConfigProcessor : Loading config: C:\git\pinball-at-nx\source\mpf-conda\config\config
2024-11-10 19:58:30,498 : ConfigProcessor : Config file cache created: C:\Users\eliri\AppData\Local\Temp\844e115eea22e0c2b7d42104966a78fe.mpf_cache
2024-11-10 19:58:30,499 : ConfigProcessor : Loading config from cache: C:\Users\eliri\AppData\Local\Temp\e334d910a6ae63999f8db0d6c6cff7be.mpf_cache
2024-11-10 19:58:30,500 : ConfigProcessor : Loading config from cache: C:\Users\eliri\AppData\Local\Temp\9006ef327294bd5819a299efbca970ec.mpf_cache
2024-11-10 19:58:30,500 : mpfmc : Mission Pinball Framework Media Controller (MPF-MC) v0.57.1. Requires MPF v0.57.0 or newer.
2024-11-10 19:58:30,501 : mpfmc : Found MPF v0.57.3
2024-11-10 19:58:30,501 : mpfmc : Machine path: C:\git\pinball-at-nx\source\mpf-conda
2024-11-10 19:58:30,501 : mpfmc : Starting clock at 60.0Hz
2024-11-10 19:58:30,521 : kivy : Text: Provider: sdl2
2024-11-10 19:58:30,572 : kivy : Window: Provider: sdl2
2024-11-10 19:58:30,979 : kivy : GL: Using the "OpenGL" graphics system
2024-11-10 19:58:30,982 : kivy : GL: GLEW initialization succeeded
2024-11-10 19:58:30,983 : kivy : GL: Backend used <glew>
2024-11-10 19:58:30,985 : kivy : GL: OpenGL version <b'4.6.0 - Build 31.0.101.5522'>
2024-11-10 19:58:30,986 : kivy : GL: OpenGL vendor <b'Intel'>
2024-11-10 19:58:30,986 : kivy : GL: OpenGL renderer <b'Intel(R) Graphics'>
2024-11-10 19:58:30,986 : kivy : GL: OpenGL parsed version: 4, 6
2024-11-10 19:58:30,986 : kivy : GL: Shading version <b'4.60 - Build 31.0.101.5522'>
2024-11-10 19:58:30,986 : kivy : GL: Texture max size <16384>
2024-11-10 19:58:30,986 : kivy : GL: Texture max units <32>
2024-11-10 19:58:31,017 : kivy : Window: auto add sdl2 input provider
2024-11-10 19:58:31,019 : kivy : Window: virtual keyboard not allowed, single mode, not docked
2024-11-10 19:58:31,034 : SoundSystem : SoundSystem: Using default 'sound_system' settings
2024-11-10 19:58:31,388 : AudioInterface : Initialized
2024-11-10 19:58:31,388 : AudioInterface : Loaded SDL 2.26.4
2024-11-10 19:58:31,389 : AudioInterface : Loaded SDL_Mixer 2.6.3
2024-11-10 19:58:31,389 : AudioInterface : Loaded GStreamer 1.18.5.0
2024-11-10 19:58:31,389 : AudioInterface : Loaded GLib 2.62.6
2024-11-10 19:58:31,389 : AudioInterface : Settings requested - rate: 44100, channels: 1, buffer: 2048 samples
2024-11-10 19:58:31,389 : AudioInterface : Settings in use - rate: 44100, channels: 1, buffer: 2048 samples (4096 bytes @ 2 bytes per sample)
2024-11-10 19:58:31,390 : SoundSystem : No audio tracks are specified in your machine config file. a track named 'default' has been created.
2024-11-10 19:58:31,390 : SoundSystem : Setting master volume to 0.0
2024-11-10 19:58:31,390 : AudioInterface : Enabling audio playback
2024-11-10 19:58:31,394 : kivy : Base: Start application main loop
2024-11-10 19:58:31,395 : EventManager : Event: ======'display_window_initialized'====== Args={}
2024-11-10 19:58:31,404 : mpfmc : Display: Setting 'window' as default display
2024-11-10 19:58:31,411 : mpfmc : ASPECT RATIO MISMATCH: The on-screen window is not the same aspect ratio as the display called 'window'. The logical display will be scaled from 200x200 to the window size 1200x900, and a black bar will make up the difference
2024-11-10 19:58:31,411 : EventManager : Event: ======'displays_initialized'====== Args={}
2024-11-10 19:58:31,412 : EventManager : Event: ======'slide_window_blank_created'====== Args={}
2024-11-10 19:58:31,412 : EventManager : Event: ======'display_window_ready'====== Args={}
2024-11-10 19:58:31,421 : EventManager : Event: ======'init_phase_1'====== Args={}
2024-11-10 19:58:31,422 : EventManager : Event: ======'mc_ready'====== Args={}
2024-11-10 19:58:31,422 : EventManager : Event: ======'init_phase_2'====== Args={}
2024-11-10 19:58:31,423 : EventManager : Event: ======'init_phase_3'====== Args={}
2024-11-10 19:58:31,423 : EventManager : Event: ======'init_phase_4'====== Args={}
2024-11-10 19:58:31,423 : EventManager : Event: ======'init_phase_5'====== Args={}
2024-11-10 19:58:31,423 : EventManager : Event: ======'init_done'====== Args={}
2024-11-10 19:58:31,424 : MPF-MC BCP Server : Starting up on localhost port 5050
2024-11-10 19:58:31,428 : MPF-MC BCP Server : Waiting for a connection...
2024-11-10 19:58:31,447 : EventManager : Event: ======'client_disconnected'====== Args={'host': '127.0.0.1', 'port': 5050}
2024-11-10 19:58:34,714 : kivy : Base: Leaving application in progress...
2024-11-10 19:58:34,715 : mpfmc : Stopping...
2024-11-10 19:58:34,716 : EventManager : Event: ======'shutdown'====== Args={}
2024-11-10 19:58:34,716 : AudioInterface : Disabling audio playback
2024-11-10 19:58:34,839 : mpfmc : Loop rate 74.86 Hz
2024-11-10 19:58:34,839 : root : MC run loop ended.
2024-11-10 19:58:34,839 : root : Stopping child threads... (3 remaining)
2024-11-10 19:58:35,435 : MPF-MC BCP Server : Stopping BCP listener thread
2024-11-10 19:58:35,440 : MPF-MC BCP Server : Stopping BCP sending thread
2024-11-10 19:58:35,445 : root : All child threads stopped.
