2024-11-10 19:57:40,081 : kivy : deps: Successfully imported "kivy_deps.gstreamer" 0.3.3
2024-11-10 19:57:40,083 : kivy : deps: Successfully imported "kivy_deps.angle" 0.3.3
2024-11-10 19:57:40,083 : kivy : deps: Successfully imported "kivy_deps.glew" 0.3.1
2024-11-10 19:57:40,084 : kivy : deps: Successfully imported "kivy_deps.sdl2" 0.6.0
2024-11-10 19:57:40,084 : kivy : Kivy: v2.2.1
2024-11-10 19:57:40,084 : kivy : Kivy: Installed at "C:\Users\eliri\anaconda3\envs\mpf\lib\site-packages\kivy\__init__.py"
2024-11-10 19:57:40,084 : kivy : Python: v3.9.20 (main, Oct  3 2024, 07:38:01) [MSC v.1929 64 bit (AMD64)]
2024-11-10 19:57:40,085 : kivy : Python: Interpreter at "C:\Users\eliri\anaconda3\envs\mpf\python.exe"
2024-11-10 19:57:40,102 : kivy : Factory: 190 symbols loaded
2024-11-10 19:57:40,221 : kivy : ImageLoaderFFPy: Using ffpyplayer 4.5.1
2024-11-10 19:57:40,221 : kivy : Image: Providers: img_tex, img_dds, img_sdl2, img_pil, img_ffpyplayer 
2024-11-10 19:57:40,574 : kivy : VideoGstplayer: Using Gstreamer 1.18.5.0
2024-11-10 19:57:40,575 : kivy : Video: Provider: gstplayer
2024-11-10 19:57:40,599 : root : Loading MPF-MC controller
2024-11-10 19:57:40,630 : YamlMultifileConfigLoader : Machine config file #1: config
2024-11-10 19:57:40,631 : ConfigProcessor : Loading config from file C:\Users\eliri\anaconda3\envs\mpf\lib\site-packages\mpfmc\mcconfig.yaml.
2024-11-10 19:57:40,637 : ConfigProcessor : Loading config: C:\Users\eliri\anaconda3\envs\mpf\lib\site-packages\mpfmc\mcconfig.yaml
2024-11-10 19:57:40,637 : ConfigProcessor : Loading config from file C:\git\pinball-at-nx\source\mpf-conda\config\config.
2024-11-10 19:57:40,667 : ConfigProcessor : Loading config: C:\git\pinball-at-nx\source\mpf-conda\config\config
2024-11-10 19:57:40,668 : ConfigProcessor : Config file cache created: C:\Users\eliri\AppData\Local\Temp\844e115eea22e0c2b7d42104966a78fe.mpf_cache
2024-11-10 19:57:40,668 : ConfigProcessor : Loading config from file C:\Users\eliri\anaconda3\envs\mpf\lib\site-packages\mpf\modes\attract\config\attract.yaml.
2024-11-10 19:57:40,672 : ConfigProcessor : Loading config: C:\Users\eliri\anaconda3\envs\mpf\lib\site-packages\mpf\modes\attract\config\attract.yaml
2024-11-10 19:57:40,672 : ConfigProcessor : Config file cache created: C:\Users\eliri\AppData\Local\Temp\e334d910a6ae63999f8db0d6c6cff7be.mpf_cache
2024-11-10 19:57:40,674 : ConfigProcessor : Loading config from file C:\Users\eliri\anaconda3\envs\mpf\lib\site-packages\mpf\modes\game\config\game.yaml.
2024-11-10 19:57:40,682 : ConfigProcessor : Loading config: C:\Users\eliri\anaconda3\envs\mpf\lib\site-packages\mpf\modes\game\config\game.yaml
2024-11-10 19:57:40,684 : ConfigProcessor : Config file cache created: C:\Users\eliri\AppData\Local\Temp\9006ef327294bd5819a299efbca970ec.mpf_cache
2024-11-10 19:57:40,686 : mpfmc : Mission Pinball Framework Media Controller (MPF-MC) v0.57.1. Requires MPF v0.57.0 or newer.
2024-11-10 19:57:40,686 : mpfmc : Found MPF v0.57.3
2024-11-10 19:57:40,686 : mpfmc : Machine path: C:\git\pinball-at-nx\source\mpf-conda
2024-11-10 19:57:40,687 : mpfmc : Starting clock at 60.0Hz
2024-11-10 19:57:40,714 : kivy : Text: Provider: sdl2
2024-11-10 19:57:40,760 : kivy : Window: Provider: sdl2
2024-11-10 19:57:41,524 : kivy : GL: Using the "OpenGL" graphics system
2024-11-10 19:57:41,526 : kivy : GL: GLEW initialization succeeded
2024-11-10 19:57:41,526 : kivy : GL: Backend used <glew>
2024-11-10 19:57:41,526 : kivy : GL: OpenGL version <b'4.6.0 - Build 31.0.101.5522'>
2024-11-10 19:57:41,526 : kivy : GL: OpenGL vendor <b'Intel'>
2024-11-10 19:57:41,526 : kivy : GL: OpenGL renderer <b'Intel(R) Graphics'>
2024-11-10 19:57:41,529 : kivy : GL: OpenGL parsed version: 4, 6
2024-11-10 19:57:41,530 : kivy : GL: Shading version <b'4.60 - Build 31.0.101.5522'>
2024-11-10 19:57:41,531 : kivy : GL: Texture max size <16384>
2024-11-10 19:57:41,532 : kivy : GL: Texture max units <32>
2024-11-10 19:57:41,629 : kivy : Window: auto add sdl2 input provider
2024-11-10 19:57:41,630 : kivy : Window: virtual keyboard not allowed, single mode, not docked
2024-11-10 19:57:41,636 : SoundSystem : SoundSystem: Using default 'sound_system' settings
2024-11-10 19:57:43,523 : AudioInterface : Initialized
2024-11-10 19:57:43,523 : AudioInterface : Loaded SDL 2.26.4
2024-11-10 19:57:43,524 : AudioInterface : Loaded SDL_Mixer 2.6.3
2024-11-10 19:57:43,525 : AudioInterface : Loaded GStreamer 1.18.5.0
2024-11-10 19:57:43,525 : AudioInterface : Loaded GLib 2.62.6
2024-11-10 19:57:43,525 : AudioInterface : Settings requested - rate: 44100, channels: 1, buffer: 2048 samples
2024-11-10 19:57:43,525 : AudioInterface : Settings in use - rate: 44100, channels: 1, buffer: 2048 samples (4096 bytes @ 2 bytes per sample)
2024-11-10 19:57:43,525 : SoundSystem : No audio tracks are specified in your machine config file. a track named 'default' has been created.
2024-11-10 19:57:43,526 : SoundSystem : Setting master volume to 0.0
2024-11-10 19:57:43,526 : AudioInterface : Enabling audio playback
2024-11-10 19:57:43,529 : kivy : Base: Start application main loop
2024-11-10 19:57:43,530 : EventManager : Event: ======'display_default_initialized'====== Args={}
2024-11-10 19:57:43,562 : mpfmc : Display: Setting 'default' as default display
2024-11-10 19:57:43,568 : EventManager : Event: ======'displays_initialized'====== Args={}
2024-11-10 19:57:43,569 : EventManager : Event: ======'slide_default_blank_created'====== Args={}
2024-11-10 19:57:43,569 : EventManager : Event: ======'display_default_ready'====== Args={}
2024-11-10 19:57:43,577 : EventManager : Event: ======'init_phase_1'====== Args={}
2024-11-10 19:57:43,579 : EventManager : Event: ======'mc_ready'====== Args={}
2024-11-10 19:57:43,579 : EventManager : Event: ======'init_phase_2'====== Args={}
2024-11-10 19:57:43,580 : EventManager : Event: ======'init_phase_3'====== Args={}
2024-11-10 19:57:43,580 : EventManager : Event: ======'init_phase_4'====== Args={}
2024-11-10 19:57:43,580 : EventManager : Event: ======'init_phase_5'====== Args={}
2024-11-10 19:57:43,580 : EventManager : Event: ======'init_done'====== Args={}
2024-11-10 19:57:43,581 : MPF-MC BCP Server : Starting up on localhost port 5050
2024-11-10 19:57:43,583 : MPF-MC BCP Server : Waiting for a connection...
2024-11-10 19:57:43,696 : EventManager : Event: ======'client_disconnected'====== Args={'host': '127.0.0.1', 'port': 5050}
2024-11-10 19:57:57,022 : kivy : Base: Leaving application in progress...
2024-11-10 19:57:57,024 : mpfmc : Stopping...
2024-11-10 19:57:57,024 : EventManager : Event: ======'shutdown'====== Args={}
2024-11-10 19:57:57,025 : AudioInterface : Disabling audio playback
2024-11-10 19:57:57,171 : mpfmc : Loop rate 74.84 Hz
2024-11-10 19:57:57,173 : root : MC run loop ended.
2024-11-10 19:57:57,174 : root : Stopping child threads... (3 remaining)
2024-11-10 19:57:57,594 : MPF-MC BCP Server : Stopping BCP sending thread
2024-11-10 19:57:57,595 : MPF-MC BCP Server : Stopping BCP listener thread
2024-11-10 19:57:57,676 : root : All child threads stopped.
