2024-11-10 20:00:05,685 : kivy : deps: Successfully imported "kivy_deps.gstreamer" 0.3.3
2024-11-10 20:00:05,685 : kivy : deps: Successfully imported "kivy_deps.angle" 0.3.3
2024-11-10 20:00:05,686 : kivy : deps: Successfully imported "kivy_deps.glew" 0.3.1
2024-11-10 20:00:05,686 : kivy : deps: Successfully imported "kivy_deps.sdl2" 0.6.0
2024-11-10 20:00:05,686 : kivy : Kivy: v2.2.1
2024-11-10 20:00:05,686 : kivy : Kivy: Installed at "C:\Users\eliri\anaconda3\envs\mpf\lib\site-packages\kivy\__init__.py"
2024-11-10 20:00:05,686 : kivy : Python: v3.9.20 (main, Oct  3 2024, 07:38:01) [MSC v.1929 64 bit (AMD64)]
2024-11-10 20:00:05,693 : kivy : Python: Interpreter at "C:\Users\eliri\anaconda3\envs\mpf\python.exe"
2024-11-10 20:00:05,705 : kivy : Factory: 190 symbols loaded
2024-11-10 20:00:05,813 : kivy : ImageLoaderFFPy: Using ffpyplayer 4.5.1
2024-11-10 20:00:05,814 : kivy : Image: Providers: img_tex, img_dds, img_sdl2, img_pil, img_ffpyplayer 
2024-11-10 20:00:06,161 : kivy : VideoGstplayer: Using Gstreamer 1.18.5.0
2024-11-10 20:00:06,162 : kivy : Video: Provider: gstplayer
2024-11-10 20:00:06,186 : root : Loading MPF-MC controller
2024-11-10 20:00:06,188 : YamlMultifileConfigLoader : Machine config file #1: config
2024-11-10 20:00:06,188 : ConfigProcessor : Config file in cache changed: C:\git\pinball-at-nx\source\mpf-conda\config\config
2024-11-10 20:00:06,189 : ConfigProcessor : Loading config from file C:\Users\eliri\anaconda3\envs\mpf\lib\site-packages\mpfmc\mcconfig.yaml.
2024-11-10 20:00:06,199 : ConfigProcessor : Loading config: C:\Users\eliri\anaconda3\envs\mpf\lib\site-packages\mpfmc\mcconfig.yaml
2024-11-10 20:00:06,199 : ConfigProcessor : Loading config from file C:\git\pinball-at-nx\source\mpf-conda\config\config.
2024-11-10 20:00:06,215 : ConfigProcessor : Loading config: C:\git\pinball-at-nx\source\mpf-conda\config\config
2024-11-10 20:00:06,218 : ConfigProcessor : Config file cache created: C:\Users\eliri\AppData\Local\Temp\844e115eea22e0c2b7d42104966a78fe.mpf_cache
2024-11-10 20:00:06,219 : ConfigProcessor : Loading config from cache: C:\Users\eliri\AppData\Local\Temp\e334d910a6ae63999f8db0d6c6cff7be.mpf_cache
2024-11-10 20:00:06,220 : ConfigProcessor : Loading config from cache: C:\Users\eliri\AppData\Local\Temp\9006ef327294bd5819a299efbca970ec.mpf_cache
2024-11-10 20:00:06,221 : mpfmc : Mission Pinball Framework Media Controller (MPF-MC) v0.57.1. Requires MPF v0.57.0 or newer.
2024-11-10 20:00:06,221 : mpfmc : Found MPF v0.57.3
2024-11-10 20:00:06,222 : mpfmc : Machine path: C:\git\pinball-at-nx\source\mpf-conda
2024-11-10 20:00:06,222 : mpfmc : Starting clock at 60.0Hz
2024-11-10 20:00:06,248 : kivy : Text: Provider: sdl2
2024-11-10 20:00:06,297 : kivy : Window: Provider: sdl2
2024-11-10 20:00:06,782 : kivy : GL: Using the "OpenGL" graphics system
2024-11-10 20:00:06,785 : kivy : GL: GLEW initialization succeeded
2024-11-10 20:00:06,786 : kivy : GL: Backend used <glew>
2024-11-10 20:00:06,786 : kivy : GL: OpenGL version <b'4.6.0 - Build 31.0.101.5522'>
2024-11-10 20:00:06,786 : kivy : GL: OpenGL vendor <b'Intel'>
2024-11-10 20:00:06,786 : kivy : GL: OpenGL renderer <b'Intel(R) Graphics'>
2024-11-10 20:00:06,787 : kivy : GL: OpenGL parsed version: 4, 6
2024-11-10 20:00:06,789 : kivy : GL: Shading version <b'4.60 - Build 31.0.101.5522'>
2024-11-10 20:00:06,790 : kivy : GL: Texture max size <16384>
2024-11-10 20:00:06,793 : kivy : GL: Texture max units <32>
2024-11-10 20:00:06,835 : kivy : Window: auto add sdl2 input provider
2024-11-10 20:00:06,836 : kivy : Window: virtual keyboard not allowed, single mode, not docked
2024-11-10 20:00:06,951 : SoundSystem : SoundSystem: Using default 'sound_system' settings
2024-11-10 20:00:07,337 : AudioInterface : Initialized
2024-11-10 20:00:07,337 : AudioInterface : Loaded SDL 2.26.4
2024-11-10 20:00:07,337 : AudioInterface : Loaded SDL_Mixer 2.6.3
2024-11-10 20:00:07,338 : AudioInterface : Loaded GStreamer 1.18.5.0
2024-11-10 20:00:07,338 : AudioInterface : Loaded GLib 2.62.6
2024-11-10 20:00:07,338 : AudioInterface : Settings requested - rate: 44100, channels: 1, buffer: 2048 samples
2024-11-10 20:00:07,338 : AudioInterface : Settings in use - rate: 44100, channels: 1, buffer: 2048 samples (4096 bytes @ 2 bytes per sample)
2024-11-10 20:00:07,339 : SoundSystem : No audio tracks are specified in your machine config file. a track named 'default' has been created.
2024-11-10 20:00:07,339 : SoundSystem : Setting master volume to 0.0
2024-11-10 20:00:07,339 : AudioInterface : Enabling audio playback
2024-11-10 20:00:07,341 : kivy : Base: Start application main loop
2024-11-10 20:00:07,341 : EventManager : Event: ======'display_window_initialized'====== Args={}
2024-11-10 20:00:07,348 : mpfmc : Display: Setting 'window' as default display
2024-11-10 20:00:07,353 : EventManager : Event: ======'displays_initialized'====== Args={}
2024-11-10 20:00:07,354 : EventManager : Event: ======'slide_window_blank_created'====== Args={}
2024-11-10 20:00:07,354 : EventManager : Event: ======'display_window_ready'====== Args={}
2024-11-10 20:00:07,362 : EventManager : Event: ======'init_phase_1'====== Args={}
2024-11-10 20:00:07,364 : EventManager : Event: ======'mc_ready'====== Args={}
2024-11-10 20:00:07,364 : EventManager : Event: ======'init_phase_2'====== Args={}
2024-11-10 20:00:07,365 : EventManager : Event: ======'init_phase_3'====== Args={}
2024-11-10 20:00:07,366 : EventManager : Event: ======'init_phase_4'====== Args={}
2024-11-10 20:00:07,366 : EventManager : Event: ======'init_phase_5'====== Args={}
2024-11-10 20:00:07,366 : EventManager : Event: ======'init_done'====== Args={}
2024-11-10 20:00:07,366 : MPF-MC BCP Server : Starting up on localhost port 5050
2024-11-10 20:00:07,369 : MPF-MC BCP Server : Waiting for a connection...
2024-11-10 20:00:07,375 : kivy : GL: NPOT texture support is available
2024-11-10 20:00:07,376 : EventManager : Event: ======'slide_welcome_slide_created'====== Args={}
2024-11-10 20:00:07,379 : EventManager : Event: ======'slide_welcome_slide_active'====== Args={}
2024-11-10 20:00:07,391 : EventManager : Event: ======'client_disconnected'====== Args={'host': '127.0.0.1', 'port': 5050}
2024-11-10 20:00:11,456 : kivy : Base: Leaving application in progress...
2024-11-10 20:00:11,458 : mpfmc : Stopping...
2024-11-10 20:00:11,458 : EventManager : Event: ======'shutdown'====== Args={}
2024-11-10 20:00:11,459 : AudioInterface : Disabling audio playback
2024-11-10 20:00:11,608 : mpfmc : Loop rate 74.76 Hz
2024-11-10 20:00:11,610 : root : MC run loop ended.
2024-11-10 20:00:11,611 : root : Stopping child threads... (3 remaining)
2024-11-10 20:00:12,371 : MPF-MC BCP Server : Stopping BCP sending thread
2024-11-10 20:00:12,372 : MPF-MC BCP Server : Stopping BCP listener thread
2024-11-10 20:00:12,415 : root : All child threads stopped.
