2024-11-10 20:02:19,998 : INFO : root : Loading config.
2024-11-10 20:02:20,002 : INFO : YamlMultifileConfigLoader : Machine config file #1: config.yaml
2024-11-10 20:02:20,002 : INFO : ConfigProcessor : Loading config from file C:\Users\eliri\anaconda3\envs\mpf\lib\site-packages\mpf\mpfconfig.yaml.
2024-11-10 20:02:20,010 : INFO : ConfigProcessor : Loading config: C:\Users\eliri\anaconda3\envs\mpf\lib\site-packages\mpf\mpfconfig.yaml
2024-11-10 20:02:20,010 : INFO : ConfigProcessor : Loading config from file C:\git\pinball-at-nx\source\mpf-conda\config\config.yaml.
2024-11-10 20:02:20,011 : INFO : ConfigProcessor : Loading config: C:\git\pinball-at-nx\source\mpf-conda\config\config.yaml
2024-11-10 20:02:20,012 : INFO : ConfigProcessor : Config file cache created: C:\Users\eliri\AppData\Local\Temp\2673716085b36760ced4adba2e2cdfc5.mpf_cache
2024-11-10 20:02:20,112 : INFO : ConfigProcessor : Loading config from cache: C:\Users\eliri\AppData\Local\Temp\e334d910a6ae63999f8db0d6c6cff7be.mpf_cache
2024-11-10 20:02:20,113 : INFO : ConfigProcessor : Loading config from cache: C:\Users\eliri\AppData\Local\Temp\9006ef327294bd5819a299efbca970ec.mpf_cache
2024-11-10 20:02:20,114 : INFO : Machine : Mission Pinball Framework Core Engine v0.57.3
2024-11-10 20:02:20,114 : INFO : Machine : Command line arguments: {'no_load_cache': False, 'create_config_cache': True, 'bcp': True, 'configfile': ['config.yaml'], 'force_assets_load': False, 'platform_integration_test': False, 'jsonlogging': False, 'logfile': 'logs\\2024-11-10-20-02-19-mpf-YogEr.log', 'pause': False, 'production': False, 'text_ui': False, 'loglevel': 15, 'consoleloglevel': 20, 'force_platform': None, 'syslog_address': None, 'mc_file_name': None, 'no_sound': False}
2024-11-10 20:02:20,114 : INFO : Machine : MPF path: C:\Users\eliri\anaconda3\envs\mpf\lib\site-packages\mpf
2024-11-10 20:02:20,114 : INFO : Machine : Machine path: C:\git\pinball-at-nx\source\mpf-conda
2024-11-10 20:02:20,114 : INFO : Machine : Platform: win32
2024-11-10 20:02:20,114 : INFO : Machine : Python executable location: C:\Users\eliri\anaconda3\envs\mpf\python.exe
2024-11-10 20:02:20,114 : INFO : Machine : Python version: 3.9.20 (64-bit)
2024-11-10 20:02:20,117 : INFO : Machine : Initializing MPF...
2024-11-10 20:02:20,168 : INFO : EventManager : Event: ======'machine_var_credits_string'====== Args={'value': 'FREE PLAY', 'prev_value': None, 'change': True}
2024-11-10 20:02:20,198 : INFO : EventManager : Event: ======'machine_var_master_volume'====== Args={'value': 0.5, 'prev_value': None, 'change': True}
2024-11-10 20:02:20,198 : INFO : EventManager : Event: ======'machine_var_mpf_version'====== Args={'value': 'Mission Pinball Framework v0.57.3', 'prev_value': None, 'change': True}
2024-11-10 20:02:20,198 : INFO : EventManager : Event: ======'machine_var_mpf_extended_version'====== Args={'value': 'Mission Pinball Framework v0.57.3, Config version:6, Show version: 6, BCP version:1.1', 'prev_value': None, 'change': True}
2024-11-10 20:02:20,198 : INFO : EventManager : Event: ======'machine_var_python_version'====== Args={'value': '3.9.20', 'prev_value': None, 'change': True}
2024-11-10 20:02:20,210 : INFO : EventManager : Event: ======'machine_var_platform'====== Args={'value': 'Windows-10-10.0.22631-SP0', 'prev_value': None, 'change': True}
2024-11-10 20:02:20,210 : INFO : EventManager : Event: ======'machine_var_platform_system'====== Args={'value': 'Windows', 'prev_value': None, 'change': True}
2024-11-10 20:02:20,210 : INFO : EventManager : Event: ======'machine_var_platform_release'====== Args={'value': '10', 'prev_value': None, 'change': True}
2024-11-10 20:02:20,211 : INFO : EventManager : Event: ======'machine_var_platform_version'====== Args={'value': '10.0.22631', 'prev_value': None, 'change': True}
2024-11-10 20:02:20,211 : INFO : EventManager : Event: ======'machine_var_platform_machine'====== Args={'value': 'AMD64', 'prev_value': None, 'change': True}
2024-11-10 20:02:20,211 : INFO : EventManager : Event: ======'init_phase_1'====== Args={}
2024-11-10 20:02:20,216 : INFO : EventManager : Event: ======'init_phase_2'====== Args={}
2024-11-10 20:02:20,217 : INFO : EventManager : Event: ======'bcp_connection_attempt'====== Args={'name': 'local_display', 'host': 'localhost', 'port': 5050}
2024-11-10 20:02:20,217 : INFO : BCPClientSocket : Connecting BCP to 'local_display' at localhost:5050...
2024-11-10 20:02:22,283 : INFO : BCPClientSocket : Connected BCP to 'local_display' localhost:5050
2024-11-10 20:02:22,284 : INFO : EventManager : Event: ======'bcp_clients_connected'====== Args={}
2024-11-10 20:02:22,310 : INFO : EventManager : Event: ======'init_phase_3'====== Args={}
2024-11-10 20:02:22,315 : INFO : EventManager : Event: ======'machine_var_mc_version'====== Args={'value': 'MPF-MC v0.57.1', 'prev_value': None, 'change': True}
2024-11-10 20:02:22,315 : INFO : EventManager : Event: ======'machine_var_mc_extended_version'====== Args={'value': 'MPF-MC v0.57.1 (config_version=6, BCP v1.1,                      Requires MPF API compatibility v0.57.0 or newer)', 'prev_value': None, 'change': True}
2024-11-10 20:02:22,318 : INFO : EventManager : Event: ======'init_phase_4'====== Args={}
2024-11-10 20:02:22,320 : INFO : EventManager : Event: ======'machine_var_audits_switches_s_left_flipper'====== Args={'value': 0, 'prev_value': None, 'change': True}
2024-11-10 20:02:22,320 : INFO : EventManager : Event: ======'machine_var_audits_switches_s_right_flipper'====== Args={'value': 0, 'prev_value': None, 'change': True}
2024-11-10 20:02:22,320 : INFO : EventManager : Event: ======'machine_var_audits_events_game_started'====== Args={'value': 0, 'prev_value': None, 'change': True}
2024-11-10 20:02:22,320 : INFO : EventManager : Event: ======'machine_var_audits_events_game_ended'====== Args={'value': 0, 'prev_value': None, 'change': True}
2024-11-10 20:02:22,321 : INFO : EventManager : Event: ======'machine_var_audits_player_score'====== Args={'value': {'top': [], 'average': 0, 'total': 0}, 'prev_value': None, 'change': True}
2024-11-10 20:02:22,322 : INFO : EventManager : Event: ======'init_phase_5'====== Args={}
2024-11-10 20:02:22,322 : INFO : EventManager : Event: ======'init_done'====== Args={}
2024-11-10 20:02:22,322 : INFO : EventManager : Event: ======'machine_reset_phase_1'====== Args={}
2024-11-10 20:02:22,341 : INFO : EventManager : Event: ======'slide_welcome_slide_removed'====== Args={'_from_bcp': True}
2024-11-10 20:02:22,342 : INFO : EventManager : Event: ======'slide_welcome_slide_created'====== Args={'_from_bcp': True}
2024-11-10 20:02:22,346 : INFO : EventManager : Event: ======'machine_reset_phase_2'====== Args={}
2024-11-10 20:02:22,347 : INFO : EventManager : Event: ======'machine_reset_phase_3'====== Args={}
2024-11-10 20:02:22,348 : INFO : EventManager : Event: ======'reset_complete'====== Args={}
2024-11-10 20:02:22,348 : INFO : EventManager : Event: ======'mode_attract_will_start'====== Args={}
2024-11-10 20:02:22,348 : INFO : EventManager : Event: ======'mode_attract_starting'====== Args={}
2024-11-10 20:02:22,351 : INFO : Mode.attract : Started. Priority: 10
2024-11-10 20:02:22,351 : INFO : EventManager : Event: ======'modes_active_modes_changed'====== Args={}
2024-11-10 20:02:22,351 : INFO : EventManager : Event: ======'mode_attract_started'====== Args={}
2024-11-10 20:02:22,351 : INFO : EventManager : Event: ======'collecting_balls_complete'====== Args={}
2024-11-10 20:02:22,351 : INFO : EventManager : Event: ======'slide_welcome_slide_active'====== Args={'_from_bcp': True}
2024-11-10 20:02:22,351 : INFO : Machine : Starting the main run loop with active modes: [<Mode.attract>]
2024-11-10 20:02:22,366 : INFO : EventManager : Event: ======'slide_attract_started_created'====== Args={'_from_bcp': True}
2024-11-10 20:02:22,368 : INFO : EventManager : Event: ======'slide_attract_started_active'====== Args={'_from_bcp': True}
2024-11-10 20:03:00,664 : INFO : Machine : Shutting down...
2024-11-10 20:03:00,665 : INFO : EventManager : Event: ======'shutdown'====== Args={}
2024-11-10 20:03:00,669 : INFO : root : MPF run loop ended.
